<?xml version="1.0" encoding="UTF-8" ?>
<testsuite tests="10" failures="0" name="com.stackroute.fullstackbackend.repository.UserRepoTest" time="23.233" errors="10" skipped="0">
  <properties>
[...]
</properties>
  <testcase classname="com.stackroute.fullstackbackend.repository.UserRepoTest" name="saveUser" time="4.782">
    <error message="Could not open Neo4j Session for transaction; nested exception is org.neo4j.ogm.exception.ConnectionException: Could not create driver instance" type="org.springframework.transaction.CannotCreateTransactionException">org.springframework.transaction.CannotCreateTransactionException: Could not open Neo4j Session for transaction; nested exception is org.neo4j.ogm.exception.ConnectionException: Could not create driver instance
	at org.springframework.data.neo4j.transaction.Neo4jTransactionManager.doBegin(Neo4jTransactionManager.java:201)
	at org.springframework.transaction.support.AbstractPlatformTransactionManager.getTransaction(AbstractPlatformTransactionManager.java:378)
	at org.springframework.test.context.transaction.TransactionContext.startTransaction(TransactionContext.java:103)
	at org.springframework.test.context.transaction.TransactionalTestExecutionListener.beforeTestMethod(TransactionalTestExecutionListener.java:192)
	at org.springframework.test.context.TestContextManager.beforeTestMethod(TestContextManager.java:291)
	at org.springframework.test.context.junit4.statements.RunBeforeTestMethodCallbacks.evaluate(RunBeforeTestMethodCallbacks.java:74)
	at org.junit.internal.runners.statements.RunAfters.evaluate(RunAfters.java:27)
	at org.springframework.test.context.junit4.statements.RunAfterTestMethodCallbacks.evaluate(RunAfterTestMethodCallbacks.java:86)
	at org.springframework.test.context.junit4.statements.SpringRepeat.evaluate(SpringRepeat.java:84)
	at org.junit.runners.ParentRunner.runLeaf(ParentRunner.java:325)
	at org.springframework.test.context.junit4.SpringJUnit4ClassRunner.runChild(SpringJUnit4ClassRunner.java:251)
	at org.springframework.test.context.junit4.SpringJUnit4ClassRunner.runChild(SpringJUnit4ClassRunner.java:97)
	at org.junit.runners.ParentRunner$3.run(ParentRunner.java:290)
	at org.junit.runners.ParentRunner$1.schedule(ParentRunner.java:71)
	at org.junit.runners.ParentRunner.runChildren(ParentRunner.java:288)
	at org.junit.runners.ParentRunner.access$000(ParentRunner.java:58)
	at org.junit.runners.ParentRunner$2.evaluate(ParentRunner.java:268)
	at org.springframework.test.context.junit4.statements.RunBeforeTestClassCallbacks.evaluate(RunBeforeTestClassCallbacks.java:61)
	at org.springframework.test.context.junit4.statements.RunAfterTestClassCallbacks.evaluate(RunAfterTestClassCallbacks.java:70)
	at org.junit.runners.ParentRunner.run(ParentRunner.java:363)
	at org.springframework.test.context.junit4.SpringJUnit4ClassRunner.run(SpringJUnit4ClassRunner.java:190)
	at org.apache.maven.surefire.junit4.JUnit4TestSet.execute(JUnit4TestSet.java:59)
	at org.apache.maven.surefire.suite.AbstractDirectoryTestSuite.executeTestSet(AbstractDirectoryTestSuite.java:115)
	at org.apache.maven.surefire.suite.AbstractDirectoryTestSuite.execute(AbstractDirectoryTestSuite.java:102)
	at org.apache.maven.surefire.Surefire.run(Surefire.java:180)
	at java.base/jdk.internal.reflect.NativeMethodAccessorImpl.invoke0(Native Method)
	at java.base/jdk.internal.reflect.NativeMethodAccessorImpl.invoke(NativeMethodAccessorImpl.java:62)
	at java.base/jdk.internal.reflect.DelegatingMethodAccessorImpl.invoke(DelegatingMethodAccessorImpl.java:43)
	at java.base/java.lang.reflect.Method.invoke(Method.java:564)
	at org.apache.maven.surefire.booter.SurefireBooter.runSuitesInProcess(SurefireBooter.java:350)
	at org.apache.maven.surefire.booter.SurefireBooter.main(SurefireBooter.java:1021)
Caused by: org.neo4j.ogm.exception.ConnectionException: Could not create driver instance
	at org.neo4j.ogm.drivers.bolt.driver.BoltDriver.initializeDriver(BoltDriver.java:126)
	at org.neo4j.ogm.drivers.bolt.driver.BoltDriver.checkDriverInitialized(BoltDriver.java:103)
	at org.neo4j.ogm.drivers.bolt.driver.BoltDriver.newTransaction(BoltDriver.java:91)
	at org.neo4j.ogm.session.transaction.DefaultTransactionManager.openTransaction(DefaultTransactionManager.java:68)
	at org.neo4j.ogm.session.Neo4jSession.beginTransaction(Neo4jSession.java:524)
	at org.springframework.data.neo4j.transaction.Neo4jTransactionManager.doBegin(Neo4jTransactionManager.java:179)
	... 30 more
Caused by: org.neo4j.driver.v1.exceptions.ServiceUnavailableException: Unable to connect to localhost:7687, ensure the database is running and that there is a working network connection to it.
	at org.neo4j.driver.internal.async.ChannelConnectedListener.databaseUnavailableError(ChannelConnectedListener.java:84)
	at org.neo4j.driver.internal.async.ChannelConnectedListener.operationComplete(ChannelConnectedListener.java:78)
	at org.neo4j.driver.internal.async.ChannelConnectedListener.operationComplete(ChannelConnectedListener.java:37)
	at org.neo4j.driver.internal.shaded.io.netty.util.concurrent.DefaultPromise.notifyListener0(DefaultPromise.java:507)
	at org.neo4j.driver.internal.shaded.io.netty.util.concurrent.DefaultPromise.notifyListeners0(DefaultPromise.java:500)
	at org.neo4j.driver.internal.shaded.io.netty.util.concurrent.DefaultPromise.notifyListenersNow(DefaultPromise.java:479)
	at org.neo4j.driver.internal.shaded.io.netty.util.concurrent.DefaultPromise.notifyListeners(DefaultPromise.java:420)
	at org.neo4j.driver.internal.shaded.io.netty.util.concurrent.DefaultPromise.tryFailure(DefaultPromise.java:122)
	at org.neo4j.driver.internal.shaded.io.netty.channel.nio.AbstractNioChannel$AbstractNioUnsafe.fulfillConnectPromise(AbstractNioChannel.java:327)
	at org.neo4j.driver.internal.shaded.io.netty.channel.nio.AbstractNioChannel$AbstractNioUnsafe.finishConnect(AbstractNioChannel.java:343)
	at org.neo4j.driver.internal.shaded.io.netty.channel.nio.NioEventLoop.processSelectedKey(NioEventLoop.java:633)
	at org.neo4j.driver.internal.shaded.io.netty.channel.nio.NioEventLoop.processSelectedKeysOptimized(NioEventLoop.java:580)
	at org.neo4j.driver.internal.shaded.io.netty.channel.nio.NioEventLoop.processSelectedKeys(NioEventLoop.java:497)
	at org.neo4j.driver.internal.shaded.io.netty.channel.nio.NioEventLoop.run(NioEventLoop.java:459)
	at org.neo4j.driver.internal.shaded.io.netty.util.concurrent.SingleThreadEventExecutor$5.run(SingleThreadEventExecutor.java:858)
	at org.neo4j.driver.internal.shaded.io.netty.util.concurrent.DefaultThreadFactory$DefaultRunnableDecorator.run(DefaultThreadFactory.java:138)
	at java.base/java.lang.Thread.run(Thread.java:844)
Caused by: org.neo4j.driver.internal.shaded.io.netty.channel.AbstractChannel$AnnotatedConnectException: Connection refused: localhost/127.0.0.1:7687
	at java.base/sun.nio.ch.SocketChannelImpl.checkConnect(Native Method)
	at java.base/sun.nio.ch.SocketChannelImpl.finishConnect(SocketChannelImpl.java:717)
	at org.neo4j.driver.internal.shaded.io.netty.channel.socket.nio.NioSocketChannel.doFinishConnect(NioSocketChannel.java:323)
	at org.neo4j.driver.internal.shaded.io.netty.channel.nio.AbstractNioChannel$AbstractNioUnsafe.finishConnect(AbstractNioChannel.java:340)
	... 7 more
Caused by: java.net.ConnectException: Connection refused
	... 11 more
</error>
    <system-out>2018-11-06 12:56:49.923  INFO 12018 --- [           main] Driver                                   : Driver instance org.neo4j.driver.internal.InternalDriver@66b31d46 created
2018-11-06 12:56:50.018  INFO 12018 --- [           main] ConnectionPool                           : Closing connection pool towards localhost:7687
2018-11-06 12:56:52.248  WARN 12018 --- [           main] o.s.test.context.TestContextManager      : Caught exception while invoking &apos;beforeTestMethod&apos; callback on TestExecutionListener [org.springframework.test.context.transaction.TransactionalTestExecutionListener@1ec88aa1] for test method [public void com.stackroute.fullstackbackend.repository.UserRepoTest.saveUser()] and test instance [com.stackroute.fullstackbackend.repository.UserRepoTest@3a72e2e8]

org.springframework.transaction.CannotCreateTransactionException: Could not open Neo4j Session for transaction; nested exception is org.neo4j.ogm.exception.ConnectionException: Could not create driver instance
	at org.springframework.data.neo4j.transaction.Neo4jTransactionManager.doBegin(Neo4jTransactionManager.java:201) ~[spring-data-neo4j-5.1.2.RELEASE.jar:5.1.2.RELEASE]
	at org.springframework.transaction.support.AbstractPlatformTransactionManager.getTransaction(AbstractPlatformTransactionManager.java:378) ~[spring-tx-5.1.2.RELEASE.jar:5.1.2.RELEASE]
	at org.springframework.test.context.transaction.TransactionContext.startTransaction(TransactionContext.java:103) ~[spring-test-5.1.2.RELEASE.jar:5.1.2.RELEASE]
	at org.springframework.test.context.transaction.TransactionalTestExecutionListener.beforeTestMethod(TransactionalTestExecutionListener.java:192) ~[spring-test-5.1.2.RELEASE.jar:5.1.2.RELEASE]
	at org.springframework.test.context.TestContextManager.beforeTestMethod(TestContextManager.java:291) ~[spring-test-5.1.2.RELEASE.jar:5.1.2.RELEASE]
	at org.springframework.test.context.junit4.statements.RunBeforeTestMethodCallbacks.evaluate(RunBeforeTestMethodCallbacks.java:74) [spring-test-5.1.2.RELEASE.jar:5.1.2.RELEASE]
	at org.junit.internal.runners.statements.RunAfters.evaluate(RunAfters.java:27) [junit-4.12.jar:4.12]
	at org.springframework.test.context.junit4.statements.RunAfterTestMethodCallbacks.evaluate(RunAfterTestMethodCallbacks.java:86) [spring-test-5.1.2.RELEASE.jar:5.1.2.RELEASE]
	at org.springframework.test.context.junit4.statements.SpringRepeat.evaluate(SpringRepeat.java:84) [spring-test-5.1.2.RELEASE.jar:5.1.2.RELEASE]
	at org.junit.runners.ParentRunner.runLeaf(ParentRunner.java:325) [junit-4.12.jar:4.12]
	at org.springframework.test.context.junit4.SpringJUnit4ClassRunner.runChild(SpringJUnit4ClassRunner.java:251) [spring-test-5.1.2.RELEASE.jar:5.1.2.RELEASE]
	at org.springframework.test.context.junit4.SpringJUnit4ClassRunner.runChild(SpringJUnit4ClassRunner.java:97) [spring-test-5.1.2.RELEASE.jar:5.1.2.RELEASE]
	at org.junit.runners.ParentRunner$3.run(ParentRunner.java:290) [junit-4.12.jar:4.12]
	at org.junit.runners.ParentRunner$1.schedule(ParentRunner.java:71) [junit-4.12.jar:4.12]
	at org.junit.runners.ParentRunner.runChildren(ParentRunner.java:288) [junit-4.12.jar:4.12]
	at org.junit.runners.ParentRunner.access$000(ParentRunner.java:58) [junit-4.12.jar:4.12]
	at org.junit.runners.ParentRunner$2.evaluate(ParentRunner.java:268) [junit-4.12.jar:4.12]
	at org.springframework.test.context.junit4.statements.RunBeforeTestClassCallbacks.evaluate(RunBeforeTestClassCallbacks.java:61) [spring-test-5.1.2.RELEASE.jar:5.1.2.RELEASE]
	at org.springframework.test.context.junit4.statements.RunAfterTestClassCallbacks.evaluate(RunAfterTestClassCallbacks.java:70) [spring-test-5.1.2.RELEASE.jar:5.1.2.RELEASE]
	at org.junit.runners.ParentRunner.run(ParentRunner.java:363) [junit-4.12.jar:4.12]
	at org.springframework.test.context.junit4.SpringJUnit4ClassRunner.run(SpringJUnit4ClassRunner.java:190) [spring-test-5.1.2.RELEASE.jar:5.1.2.RELEASE]
	at org.apache.maven.surefire.junit4.JUnit4TestSet.execute(JUnit4TestSet.java:59) [surefire-junit4-2.5.jar:2.5]
	at org.apache.maven.surefire.suite.AbstractDirectoryTestSuite.executeTestSet(AbstractDirectoryTestSuite.java:115) [surefire-api-2.5.jar:2.5]
	at org.apache.maven.surefire.suite.AbstractDirectoryTestSuite.execute(AbstractDirectoryTestSuite.java:102) [surefire-api-2.5.jar:2.5]
	at org.apache.maven.surefire.Surefire.run(Surefire.java:180) [surefire-api-2.5.jar:2.5]
	at java.base/jdk.internal.reflect.NativeMethodAccessorImpl.invoke0(Native Method) ~[na:na]
	at java.base/jdk.internal.reflect.NativeMethodAccessorImpl.invoke(NativeMethodAccessorImpl.java:62) ~[na:na]
	at java.base/jdk.internal.reflect.DelegatingMethodAccessorImpl.invoke(DelegatingMethodAccessorImpl.java:43) ~[na:na]
	at java.base/java.lang.reflect.Method.invoke(Method.java:564) ~[na:na]
	at org.apache.maven.surefire.booter.SurefireBooter.runSuitesInProcess(SurefireBooter.java:350) [surefire-booter-2.5.jar:2.5]
	at org.apache.maven.surefire.booter.SurefireBooter.main(SurefireBooter.java:1021) [surefire-booter-2.5.jar:2.5]
Caused by: org.neo4j.ogm.exception.ConnectionException: Could not create driver instance
	at org.neo4j.ogm.drivers.bolt.driver.BoltDriver.initializeDriver(BoltDriver.java:126) ~[neo4j-ogm-bolt-driver-3.1.1.jar:3.1.1]
	at org.neo4j.ogm.drivers.bolt.driver.BoltDriver.checkDriverInitialized(BoltDriver.java:103) ~[neo4j-ogm-bolt-driver-3.1.1.jar:3.1.1]
	at org.neo4j.ogm.drivers.bolt.driver.BoltDriver.newTransaction(BoltDriver.java:91) ~[neo4j-ogm-bolt-driver-3.1.1.jar:3.1.1]
	at org.neo4j.ogm.session.transaction.DefaultTransactionManager.openTransaction(DefaultTransactionManager.java:68) ~[neo4j-ogm-core-3.1.4.jar:3.1.4]
	at org.neo4j.ogm.session.Neo4jSession.beginTransaction(Neo4jSession.java:524) ~[neo4j-ogm-core-3.1.4.jar:3.1.4]
	at org.springframework.data.neo4j.transaction.Neo4jTransactionManager.doBegin(Neo4jTransactionManager.java:179) ~[spring-data-neo4j-5.1.2.RELEASE.jar:5.1.2.RELEASE]
	... 30 common frames omitted
Caused by: org.neo4j.driver.v1.exceptions.ServiceUnavailableException: Unable to connect to localhost:7687, ensure the database is running and that there is a working network connection to it.
	at org.neo4j.driver.internal.async.ChannelConnectedListener.databaseUnavailableError(ChannelConnectedListener.java:84) ~[neo4j-java-driver-1.5.0.jar:1.5.0-0f49eb425368377c0c3905e0769af9b70c88d65f]
	at org.neo4j.driver.internal.async.ChannelConnectedListener.operationComplete(ChannelConnectedListener.java:78) ~[neo4j-java-driver-1.5.0.jar:1.5.0-0f49eb425368377c0c3905e0769af9b70c88d65f]
	at org.neo4j.driver.internal.async.ChannelConnectedListener.operationComplete(ChannelConnectedListener.java:37) ~[neo4j-java-driver-1.5.0.jar:1.5.0-0f49eb425368377c0c3905e0769af9b70c88d65f]
	at org.neo4j.driver.internal.shaded.io.netty.util.concurrent.DefaultPromise.notifyListener0(DefaultPromise.java:507) ~[neo4j-java-driver-1.5.0.jar:1.5.0-0f49eb425368377c0c3905e0769af9b70c88d65f]
	at org.neo4j.driver.internal.shaded.io.netty.util.concurrent.DefaultPromise.notifyListeners0(DefaultPromise.java:500) ~[neo4j-java-driver-1.5.0.jar:1.5.0-0f49eb425368377c0c3905e0769af9b70c88d65f]
	at org.neo4j.driver.internal.shaded.io.netty.util.concurrent.DefaultPromise.notifyListenersNow(DefaultPromise.java:479) ~[neo4j-java-driver-1.5.0.jar:1.5.0-0f49eb425368377c0c3905e0769af9b70c88d65f]
	at org.neo4j.driver.internal.shaded.io.netty.util.concurrent.DefaultPromise.notifyListeners(DefaultPromise.java:420) ~[neo4j-java-driver-1.5.0.jar:1.5.0-0f49eb425368377c0c3905e0769af9b70c88d65f]
	at org.neo4j.driver.internal.shaded.io.netty.util.concurrent.DefaultPromise.tryFailure(DefaultPromise.java:122) ~[neo4j-java-driver-1.5.0.jar:1.5.0-0f49eb425368377c0c3905e0769af9b70c88d65f]
	at org.neo4j.driver.internal.shaded.io.netty.channel.nio.AbstractNioChannel$AbstractNioUnsafe.fulfillConnectPromise(AbstractNioChannel.java:327) ~[neo4j-java-driver-1.5.0.jar:1.5.0-0f49eb425368377c0c3905e0769af9b70c88d65f]
	at org.neo4j.driver.internal.shaded.io.netty.channel.nio.AbstractNioChannel$AbstractNioUnsafe.finishConnect(AbstractNioChannel.java:343) ~[neo4j-java-driver-1.5.0.jar:1.5.0-0f49eb425368377c0c3905e0769af9b70c88d65f]
	at org.neo4j.driver.internal.shaded.io.netty.channel.nio.NioEventLoop.processSelectedKey(NioEventLoop.java:633) ~[neo4j-java-driver-1.5.0.jar:1.5.0-0f49eb425368377c0c3905e0769af9b70c88d65f]
	at org.neo4j.driver.internal.shaded.io.netty.channel.nio.NioEventLoop.processSelectedKeysOptimized(NioEventLoop.java:580) ~[neo4j-java-driver-1.5.0.jar:1.5.0-0f49eb425368377c0c3905e0769af9b70c88d65f]
	at org.neo4j.driver.internal.shaded.io.netty.channel.nio.NioEventLoop.processSelectedKeys(NioEventLoop.java:497) ~[neo4j-java-driver-1.5.0.jar:1.5.0-0f49eb425368377c0c3905e0769af9b70c88d65f]
	at org.neo4j.driver.internal.shaded.io.netty.channel.nio.NioEventLoop.run(NioEventLoop.java:459) ~[neo4j-java-driver-1.5.0.jar:1.5.0-0f49eb425368377c0c3905e0769af9b70c88d65f]
	at org.neo4j.driver.internal.shaded.io.netty.util.concurrent.SingleThreadEventExecutor$5.run(SingleThreadEventExecutor.java:858) ~[neo4j-java-driver-1.5.0.jar:1.5.0-0f49eb425368377c0c3905e0769af9b70c88d65f]
	at org.neo4j.driver.internal.shaded.io.netty.util.concurrent.DefaultThreadFactory$DefaultRunnableDecorator.run(DefaultThreadFactory.java:138) ~[neo4j-java-driver-1.5.0.jar:1.5.0-0f49eb425368377c0c3905e0769af9b70c88d65f]
	at java.base/java.lang.Thread.run(Thread.java:844) ~[na:na]
Caused by: org.neo4j.driver.internal.shaded.io.netty.channel.AbstractChannel$AnnotatedConnectException: Connection refused: localhost/127.0.0.1:7687
	at java.base/sun.nio.ch.SocketChannelImpl.checkConnect(Native Method) ~[na:na]
	at java.base/sun.nio.ch.SocketChannelImpl.finishConnect(SocketChannelImpl.java:717) ~[na:na]
	at org.neo4j.driver.internal.shaded.io.netty.channel.socket.nio.NioSocketChannel.doFinishConnect(NioSocketChannel.java:323) ~[neo4j-java-driver-1.5.0.jar:1.5.0-0f49eb425368377c0c3905e0769af9b70c88d65f]
	at org.neo4j.driver.internal.shaded.io.netty.channel.nio.AbstractNioChannel$AbstractNioUnsafe.finishConnect(AbstractNioChannel.java:340) ~[neo4j-java-driver-1.5.0.jar:1.5.0-0f49eb425368377c0c3905e0769af9b70c88d65f]
	... 7 common frames omitted
Caused by: java.net.ConnectException: Connection refused
	... 11 common frames omitted

2018-11-06 12:56:52.264  INFO 12018 --- [           main] Driver                                   : Driver instance org.neo4j.driver.internal.InternalDriver@1328f482 created
2018-11-06 12:56:52.268  INFO 12018 --- [           main] ConnectionPool                           : Closing connection pool towards localhost:7687
</system-out>
  </testcase>
  <testcase classname="com.stackroute.fullstackbackend.repository.UserRepoTest" name="saveUser" time="4.784">
    <error message="Could not open Neo4j Session for transaction; nested exception is org.neo4j.ogm.exception.ConnectionException: Could not create driver instance" type="org.springframework.transaction.CannotCreateTransactionException">org.springframework.transaction.CannotCreateTransactionException: Could not open Neo4j Session for transaction; nested exception is org.neo4j.ogm.exception.ConnectionException: Could not create driver instance
	at org.springframework.data.neo4j.transaction.Neo4jTransactionManager.doBegin(Neo4jTransactionManager.java:201)
	at org.springframework.transaction.support.AbstractPlatformTransactionManager.getTransaction(AbstractPlatformTransactionManager.java:378)
	at org.springframework.transaction.interceptor.TransactionAspectSupport.createTransactionIfNecessary(TransactionAspectSupport.java:474)
	at org.springframework.transaction.interceptor.TransactionAspectSupport.invokeWithinTransaction(TransactionAspectSupport.java:289)
	at org.springframework.transaction.interceptor.TransactionInterceptor.invoke(TransactionInterceptor.java:98)
	at org.springframework.aop.framework.ReflectiveMethodInvocation.proceed(ReflectiveMethodInvocation.java:186)
	at org.springframework.dao.support.PersistenceExceptionTranslationInterceptor.invoke(PersistenceExceptionTranslationInterceptor.java:139)
	at org.springframework.aop.framework.ReflectiveMethodInvocation.proceed(ReflectiveMethodInvocation.java:186)
	at org.springframework.aop.interceptor.ExposeInvocationInterceptor.invoke(ExposeInvocationInterceptor.java:93)
	at org.springframework.aop.framework.ReflectiveMethodInvocation.proceed(ReflectiveMethodInvocation.java:186)
	at org.springframework.data.repository.core.support.SurroundingTransactionDetectorMethodInterceptor.invoke(SurroundingTransactionDetectorMethodInterceptor.java:61)
	at org.springframework.aop.framework.ReflectiveMethodInvocation.proceed(ReflectiveMethodInvocation.java:186)
	at org.springframework.aop.framework.JdkDynamicAopProxy.invoke(JdkDynamicAopProxy.java:212)
	at com.sun.proxy.$Proxy131.deleteAll(Unknown Source)
	at com.stackroute.fullstackbackend.repository.UserRepoTest.tearDown(UserRepoTest.java:36)
	at java.base/jdk.internal.reflect.NativeMethodAccessorImpl.invoke0(Native Method)
	at java.base/jdk.internal.reflect.NativeMethodAccessorImpl.invoke(NativeMethodAccessorImpl.java:62)
	at java.base/jdk.internal.reflect.DelegatingMethodAccessorImpl.invoke(DelegatingMethodAccessorImpl.java:43)
	at java.base/java.lang.reflect.Method.invoke(Method.java:564)
	at org.junit.runners.model.FrameworkMethod$1.runReflectiveCall(FrameworkMethod.java:50)
	at org.junit.internal.runners.model.ReflectiveCallable.run(ReflectiveCallable.java:12)
	at org.junit.runners.model.FrameworkMethod.invokeExplosively(FrameworkMethod.java:47)
	at org.junit.internal.runners.statements.RunAfters.evaluate(RunAfters.java:33)
	at org.springframework.test.context.junit4.statements.RunAfterTestMethodCallbacks.evaluate(RunAfterTestMethodCallbacks.java:86)
	at org.springframework.test.context.junit4.statements.SpringRepeat.evaluate(SpringRepeat.java:84)
	at org.junit.runners.ParentRunner.runLeaf(ParentRunner.java:325)
	at org.springframework.test.context.junit4.SpringJUnit4ClassRunner.runChild(SpringJUnit4ClassRunner.java:251)
	at org.springframework.test.context.junit4.SpringJUnit4ClassRunner.runChild(SpringJUnit4ClassRunner.java:97)
	at org.junit.runners.ParentRunner$3.run(ParentRunner.java:290)
	at org.junit.runners.ParentRunner$1.schedule(ParentRunner.java:71)
	at org.junit.runners.ParentRunner.runChildren(ParentRunner.java:288)
	at org.junit.runners.ParentRunner.access$000(ParentRunner.java:58)
	at org.junit.runners.ParentRunner$2.evaluate(ParentRunner.java:268)
	at org.springframework.test.context.junit4.statements.RunBeforeTestClassCallbacks.evaluate(RunBeforeTestClassCallbacks.java:61)
	at org.springframework.test.context.junit4.statements.RunAfterTestClassCallbacks.evaluate(RunAfterTestClassCallbacks.java:70)
	at org.junit.runners.ParentRunner.run(ParentRunner.java:363)
	at org.springframework.test.context.junit4.SpringJUnit4ClassRunner.run(SpringJUnit4ClassRunner.java:190)
	at org.apache.maven.surefire.junit4.JUnit4TestSet.execute(JUnit4TestSet.java:59)
	at org.apache.maven.surefire.suite.AbstractDirectoryTestSuite.executeTestSet(AbstractDirectoryTestSuite.java:115)
	at org.apache.maven.surefire.suite.AbstractDirectoryTestSuite.execute(AbstractDirectoryTestSuite.java:102)
	at org.apache.maven.surefire.Surefire.run(Surefire.java:180)
	at java.base/jdk.internal.reflect.NativeMethodAccessorImpl.invoke0(Native Method)
	at java.base/jdk.internal.reflect.NativeMethodAccessorImpl.invoke(NativeMethodAccessorImpl.java:62)
	at java.base/jdk.internal.reflect.DelegatingMethodAccessorImpl.invoke(DelegatingMethodAccessorImpl.java:43)
	at java.base/java.lang.reflect.Method.invoke(Method.java:564)
	at org.apache.maven.surefire.booter.SurefireBooter.runSuitesInProcess(SurefireBooter.java:350)
	at org.apache.maven.surefire.booter.SurefireBooter.main(SurefireBooter.java:1021)
Caused by: org.neo4j.ogm.exception.ConnectionException: Could not create driver instance
	at org.neo4j.ogm.drivers.bolt.driver.BoltDriver.initializeDriver(BoltDriver.java:126)
	at org.neo4j.ogm.drivers.bolt.driver.BoltDriver.checkDriverInitialized(BoltDriver.java:103)
	at org.neo4j.ogm.drivers.bolt.driver.BoltDriver.newTransaction(BoltDriver.java:91)
	at org.neo4j.ogm.session.transaction.DefaultTransactionManager.openTransaction(DefaultTransactionManager.java:68)
	at org.neo4j.ogm.session.Neo4jSession.beginTransaction(Neo4jSession.java:524)
	at org.springframework.data.neo4j.transaction.Neo4jTransactionManager.doBegin(Neo4jTransactionManager.java:179)
	... 46 more
Caused by: org.neo4j.driver.v1.exceptions.ServiceUnavailableException: Unable to connect to localhost:7687, ensure the database is running and that there is a working network connection to it.
	at org.neo4j.driver.internal.async.ChannelConnectedListener.databaseUnavailableError(ChannelConnectedListener.java:84)
	at org.neo4j.driver.internal.async.ChannelConnectedListener.operationComplete(ChannelConnectedListener.java:78)
	at org.neo4j.driver.internal.async.ChannelConnectedListener.operationComplete(ChannelConnectedListener.java:37)
	at org.neo4j.driver.internal.shaded.io.netty.util.concurrent.DefaultPromise.notifyListener0(DefaultPromise.java:507)
	at org.neo4j.driver.internal.shaded.io.netty.util.concurrent.DefaultPromise.notifyListeners0(DefaultPromise.java:500)
	at org.neo4j.driver.internal.shaded.io.netty.util.concurrent.DefaultPromise.notifyListenersNow(DefaultPromise.java:479)
	at org.neo4j.driver.internal.shaded.io.netty.util.concurrent.DefaultPromise.notifyListeners(DefaultPromise.java:420)
	at org.neo4j.driver.internal.shaded.io.netty.util.concurrent.DefaultPromise.tryFailure(DefaultPromise.java:122)
	at org.neo4j.driver.internal.shaded.io.netty.channel.nio.AbstractNioChannel$AbstractNioUnsafe.fulfillConnectPromise(AbstractNioChannel.java:327)
	at org.neo4j.driver.internal.shaded.io.netty.channel.nio.AbstractNioChannel$AbstractNioUnsafe.finishConnect(AbstractNioChannel.java:343)
	at org.neo4j.driver.internal.shaded.io.netty.channel.nio.NioEventLoop.processSelectedKey(NioEventLoop.java:633)
	at org.neo4j.driver.internal.shaded.io.netty.channel.nio.NioEventLoop.processSelectedKeysOptimized(NioEventLoop.java:580)
	at org.neo4j.driver.internal.shaded.io.netty.channel.nio.NioEventLoop.processSelectedKeys(NioEventLoop.java:497)
	at org.neo4j.driver.internal.shaded.io.netty.channel.nio.NioEventLoop.run(NioEventLoop.java:459)
	at org.neo4j.driver.internal.shaded.io.netty.util.concurrent.SingleThreadEventExecutor$5.run(SingleThreadEventExecutor.java:858)
	at org.neo4j.driver.internal.shaded.io.netty.util.concurrent.DefaultThreadFactory$DefaultRunnableDecorator.run(DefaultThreadFactory.java:138)
	at java.base/java.lang.Thread.run(Thread.java:844)
Caused by: org.neo4j.driver.internal.shaded.io.netty.channel.AbstractChannel$AnnotatedConnectException: Connection refused: localhost/127.0.0.1:7687
	at java.base/sun.nio.ch.SocketChannelImpl.checkConnect(Native Method)
	at java.base/sun.nio.ch.SocketChannelImpl.finishConnect(SocketChannelImpl.java:717)
	at org.neo4j.driver.internal.shaded.io.netty.channel.socket.nio.NioSocketChannel.doFinishConnect(NioSocketChannel.java:323)
	at org.neo4j.driver.internal.shaded.io.netty.channel.nio.AbstractNioChannel$AbstractNioUnsafe.finishConnect(AbstractNioChannel.java:340)
	... 7 more
Caused by: java.net.ConnectException: Connection refused
	... 11 more
</error>
    <system-out>2018-11-06 12:56:49.923  INFO 12018 --- [           main] Driver                                   : Driver instance org.neo4j.driver.internal.InternalDriver@66b31d46 created
2018-11-06 12:56:50.018  INFO 12018 --- [           main] ConnectionPool                           : Closing connection pool towards localhost:7687
2018-11-06 12:56:52.248  WARN 12018 --- [           main] o.s.test.context.TestContextManager      : Caught exception while invoking &apos;beforeTestMethod&apos; callback on TestExecutionListener [org.springframework.test.context.transaction.TransactionalTestExecutionListener@1ec88aa1] for test method [public void com.stackroute.fullstackbackend.repository.UserRepoTest.saveUser()] and test instance [com.stackroute.fullstackbackend.repository.UserRepoTest@3a72e2e8]

org.springframework.transaction.CannotCreateTransactionException: Could not open Neo4j Session for transaction; nested exception is org.neo4j.ogm.exception.ConnectionException: Could not create driver instance
	at org.springframework.data.neo4j.transaction.Neo4jTransactionManager.doBegin(Neo4jTransactionManager.java:201) ~[spring-data-neo4j-5.1.2.RELEASE.jar:5.1.2.RELEASE]
	at org.springframework.transaction.support.AbstractPlatformTransactionManager.getTransaction(AbstractPlatformTransactionManager.java:378) ~[spring-tx-5.1.2.RELEASE.jar:5.1.2.RELEASE]
	at org.springframework.test.context.transaction.TransactionContext.startTransaction(TransactionContext.java:103) ~[spring-test-5.1.2.RELEASE.jar:5.1.2.RELEASE]
	at org.springframework.test.context.transaction.TransactionalTestExecutionListener.beforeTestMethod(TransactionalTestExecutionListener.java:192) ~[spring-test-5.1.2.RELEASE.jar:5.1.2.RELEASE]
	at org.springframework.test.context.TestContextManager.beforeTestMethod(TestContextManager.java:291) ~[spring-test-5.1.2.RELEASE.jar:5.1.2.RELEASE]
	at org.springframework.test.context.junit4.statements.RunBeforeTestMethodCallbacks.evaluate(RunBeforeTestMethodCallbacks.java:74) [spring-test-5.1.2.RELEASE.jar:5.1.2.RELEASE]
	at org.junit.internal.runners.statements.RunAfters.evaluate(RunAfters.java:27) [junit-4.12.jar:4.12]
	at org.springframework.test.context.junit4.statements.RunAfterTestMethodCallbacks.evaluate(RunAfterTestMethodCallbacks.java:86) [spring-test-5.1.2.RELEASE.jar:5.1.2.RELEASE]
	at org.springframework.test.context.junit4.statements.SpringRepeat.evaluate(SpringRepeat.java:84) [spring-test-5.1.2.RELEASE.jar:5.1.2.RELEASE]
	at org.junit.runners.ParentRunner.runLeaf(ParentRunner.java:325) [junit-4.12.jar:4.12]
	at org.springframework.test.context.junit4.SpringJUnit4ClassRunner.runChild(SpringJUnit4ClassRunner.java:251) [spring-test-5.1.2.RELEASE.jar:5.1.2.RELEASE]
	at org.springframework.test.context.junit4.SpringJUnit4ClassRunner.runChild(SpringJUnit4ClassRunner.java:97) [spring-test-5.1.2.RELEASE.jar:5.1.2.RELEASE]
	at org.junit.runners.ParentRunner$3.run(ParentRunner.java:290) [junit-4.12.jar:4.12]
	at org.junit.runners.ParentRunner$1.schedule(ParentRunner.java:71) [junit-4.12.jar:4.12]
	at org.junit.runners.ParentRunner.runChildren(ParentRunner.java:288) [junit-4.12.jar:4.12]
	at org.junit.runners.ParentRunner.access$000(ParentRunner.java:58) [junit-4.12.jar:4.12]
	at org.junit.runners.ParentRunner$2.evaluate(ParentRunner.java:268) [junit-4.12.jar:4.12]
	at org.springframework.test.context.junit4.statements.RunBeforeTestClassCallbacks.evaluate(RunBeforeTestClassCallbacks.java:61) [spring-test-5.1.2.RELEASE.jar:5.1.2.RELEASE]
	at org.springframework.test.context.junit4.statements.RunAfterTestClassCallbacks.evaluate(RunAfterTestClassCallbacks.java:70) [spring-test-5.1.2.RELEASE.jar:5.1.2.RELEASE]
	at org.junit.runners.ParentRunner.run(ParentRunner.java:363) [junit-4.12.jar:4.12]
	at org.springframework.test.context.junit4.SpringJUnit4ClassRunner.run(SpringJUnit4ClassRunner.java:190) [spring-test-5.1.2.RELEASE.jar:5.1.2.RELEASE]
	at org.apache.maven.surefire.junit4.JUnit4TestSet.execute(JUnit4TestSet.java:59) [surefire-junit4-2.5.jar:2.5]
	at org.apache.maven.surefire.suite.AbstractDirectoryTestSuite.executeTestSet(AbstractDirectoryTestSuite.java:115) [surefire-api-2.5.jar:2.5]
	at org.apache.maven.surefire.suite.AbstractDirectoryTestSuite.execute(AbstractDirectoryTestSuite.java:102) [surefire-api-2.5.jar:2.5]
	at org.apache.maven.surefire.Surefire.run(Surefire.java:180) [surefire-api-2.5.jar:2.5]
	at java.base/jdk.internal.reflect.NativeMethodAccessorImpl.invoke0(Native Method) ~[na:na]
	at java.base/jdk.internal.reflect.NativeMethodAccessorImpl.invoke(NativeMethodAccessorImpl.java:62) ~[na:na]
	at java.base/jdk.internal.reflect.DelegatingMethodAccessorImpl.invoke(DelegatingMethodAccessorImpl.java:43) ~[na:na]
	at java.base/java.lang.reflect.Method.invoke(Method.java:564) ~[na:na]
	at org.apache.maven.surefire.booter.SurefireBooter.runSuitesInProcess(SurefireBooter.java:350) [surefire-booter-2.5.jar:2.5]
	at org.apache.maven.surefire.booter.SurefireBooter.main(SurefireBooter.java:1021) [surefire-booter-2.5.jar:2.5]
Caused by: org.neo4j.ogm.exception.ConnectionException: Could not create driver instance
	at org.neo4j.ogm.drivers.bolt.driver.BoltDriver.initializeDriver(BoltDriver.java:126) ~[neo4j-ogm-bolt-driver-3.1.1.jar:3.1.1]
	at org.neo4j.ogm.drivers.bolt.driver.BoltDriver.checkDriverInitialized(BoltDriver.java:103) ~[neo4j-ogm-bolt-driver-3.1.1.jar:3.1.1]
	at org.neo4j.ogm.drivers.bolt.driver.BoltDriver.newTransaction(BoltDriver.java:91) ~[neo4j-ogm-bolt-driver-3.1.1.jar:3.1.1]
	at org.neo4j.ogm.session.transaction.DefaultTransactionManager.openTransaction(DefaultTransactionManager.java:68) ~[neo4j-ogm-core-3.1.4.jar:3.1.4]
	at org.neo4j.ogm.session.Neo4jSession.beginTransaction(Neo4jSession.java:524) ~[neo4j-ogm-core-3.1.4.jar:3.1.4]
	at org.springframework.data.neo4j.transaction.Neo4jTransactionManager.doBegin(Neo4jTransactionManager.java:179) ~[spring-data-neo4j-5.1.2.RELEASE.jar:5.1.2.RELEASE]
	... 30 common frames omitted
Caused by: org.neo4j.driver.v1.exceptions.ServiceUnavailableException: Unable to connect to localhost:7687, ensure the database is running and that there is a working network connection to it.
	at org.neo4j.driver.internal.async.ChannelConnectedListener.databaseUnavailableError(ChannelConnectedListener.java:84) ~[neo4j-java-driver-1.5.0.jar:1.5.0-0f49eb425368377c0c3905e0769af9b70c88d65f]
	at org.neo4j.driver.internal.async.ChannelConnectedListener.operationComplete(ChannelConnectedListener.java:78) ~[neo4j-java-driver-1.5.0.jar:1.5.0-0f49eb425368377c0c3905e0769af9b70c88d65f]
	at org.neo4j.driver.internal.async.ChannelConnectedListener.operationComplete(ChannelConnectedListener.java:37) ~[neo4j-java-driver-1.5.0.jar:1.5.0-0f49eb425368377c0c3905e0769af9b70c88d65f]
	at org.neo4j.driver.internal.shaded.io.netty.util.concurrent.DefaultPromise.notifyListener0(DefaultPromise.java:507) ~[neo4j-java-driver-1.5.0.jar:1.5.0-0f49eb425368377c0c3905e0769af9b70c88d65f]
	at org.neo4j.driver.internal.shaded.io.netty.util.concurrent.DefaultPromise.notifyListeners0(DefaultPromise.java:500) ~[neo4j-java-driver-1.5.0.jar:1.5.0-0f49eb425368377c0c3905e0769af9b70c88d65f]
	at org.neo4j.driver.internal.shaded.io.netty.util.concurrent.DefaultPromise.notifyListenersNow(DefaultPromise.java:479) ~[neo4j-java-driver-1.5.0.jar:1.5.0-0f49eb425368377c0c3905e0769af9b70c88d65f]
	at org.neo4j.driver.internal.shaded.io.netty.util.concurrent.DefaultPromise.notifyListeners(DefaultPromise.java:420) ~[neo4j-java-driver-1.5.0.jar:1.5.0-0f49eb425368377c0c3905e0769af9b70c88d65f]
	at org.neo4j.driver.internal.shaded.io.netty.util.concurrent.DefaultPromise.tryFailure(DefaultPromise.java:122) ~[neo4j-java-driver-1.5.0.jar:1.5.0-0f49eb425368377c0c3905e0769af9b70c88d65f]
	at org.neo4j.driver.internal.shaded.io.netty.channel.nio.AbstractNioChannel$AbstractNioUnsafe.fulfillConnectPromise(AbstractNioChannel.java:327) ~[neo4j-java-driver-1.5.0.jar:1.5.0-0f49eb425368377c0c3905e0769af9b70c88d65f]
	at org.neo4j.driver.internal.shaded.io.netty.channel.nio.AbstractNioChannel$AbstractNioUnsafe.finishConnect(AbstractNioChannel.java:343) ~[neo4j-java-driver-1.5.0.jar:1.5.0-0f49eb425368377c0c3905e0769af9b70c88d65f]
	at org.neo4j.driver.internal.shaded.io.netty.channel.nio.NioEventLoop.processSelectedKey(NioEventLoop.java:633) ~[neo4j-java-driver-1.5.0.jar:1.5.0-0f49eb425368377c0c3905e0769af9b70c88d65f]
	at org.neo4j.driver.internal.shaded.io.netty.channel.nio.NioEventLoop.processSelectedKeysOptimized(NioEventLoop.java:580) ~[neo4j-java-driver-1.5.0.jar:1.5.0-0f49eb425368377c0c3905e0769af9b70c88d65f]
	at org.neo4j.driver.internal.shaded.io.netty.channel.nio.NioEventLoop.processSelectedKeys(NioEventLoop.java:497) ~[neo4j-java-driver-1.5.0.jar:1.5.0-0f49eb425368377c0c3905e0769af9b70c88d65f]
	at org.neo4j.driver.internal.shaded.io.netty.channel.nio.NioEventLoop.run(NioEventLoop.java:459) ~[neo4j-java-driver-1.5.0.jar:1.5.0-0f49eb425368377c0c3905e0769af9b70c88d65f]
	at org.neo4j.driver.internal.shaded.io.netty.util.concurrent.SingleThreadEventExecutor$5.run(SingleThreadEventExecutor.java:858) ~[neo4j-java-driver-1.5.0.jar:1.5.0-0f49eb425368377c0c3905e0769af9b70c88d65f]
	at org.neo4j.driver.internal.shaded.io.netty.util.concurrent.DefaultThreadFactory$DefaultRunnableDecorator.run(DefaultThreadFactory.java:138) ~[neo4j-java-driver-1.5.0.jar:1.5.0-0f49eb425368377c0c3905e0769af9b70c88d65f]
	at java.base/java.lang.Thread.run(Thread.java:844) ~[na:na]
Caused by: org.neo4j.driver.internal.shaded.io.netty.channel.AbstractChannel$AnnotatedConnectException: Connection refused: localhost/127.0.0.1:7687
	at java.base/sun.nio.ch.SocketChannelImpl.checkConnect(Native Method) ~[na:na]
	at java.base/sun.nio.ch.SocketChannelImpl.finishConnect(SocketChannelImpl.java:717) ~[na:na]
	at org.neo4j.driver.internal.shaded.io.netty.channel.socket.nio.NioSocketChannel.doFinishConnect(NioSocketChannel.java:323) ~[neo4j-java-driver-1.5.0.jar:1.5.0-0f49eb425368377c0c3905e0769af9b70c88d65f]
	at org.neo4j.driver.internal.shaded.io.netty.channel.nio.AbstractNioChannel$AbstractNioUnsafe.finishConnect(AbstractNioChannel.java:340) ~[neo4j-java-driver-1.5.0.jar:1.5.0-0f49eb425368377c0c3905e0769af9b70c88d65f]
	... 7 common frames omitted
Caused by: java.net.ConnectException: Connection refused
	... 11 common frames omitted

2018-11-06 12:56:52.264  INFO 12018 --- [           main] Driver                                   : Driver instance org.neo4j.driver.internal.InternalDriver@1328f482 created
2018-11-06 12:56:52.268  INFO 12018 --- [           main] ConnectionPool                           : Closing connection pool towards localhost:7687
</system-out>
  </testcase>
  <testcase classname="com.stackroute.fullstackbackend.repository.UserRepoTest" name="getAllUsers" time="4.455">
    <error message="Could not open Neo4j Session for transaction; nested exception is org.neo4j.ogm.exception.ConnectionException: Could not create driver instance" type="org.springframework.transaction.CannotCreateTransactionException">org.springframework.transaction.CannotCreateTransactionException: Could not open Neo4j Session for transaction; nested exception is org.neo4j.ogm.exception.ConnectionException: Could not create driver instance
	at org.springframework.data.neo4j.transaction.Neo4jTransactionManager.doBegin(Neo4jTransactionManager.java:201)
	at org.springframework.transaction.support.AbstractPlatformTransactionManager.getTransaction(AbstractPlatformTransactionManager.java:378)
	at org.springframework.test.context.transaction.TransactionContext.startTransaction(TransactionContext.java:103)
	at org.springframework.test.context.transaction.TransactionalTestExecutionListener.beforeTestMethod(TransactionalTestExecutionListener.java:192)
	at org.springframework.test.context.TestContextManager.beforeTestMethod(TestContextManager.java:291)
	at org.springframework.test.context.junit4.statements.RunBeforeTestMethodCallbacks.evaluate(RunBeforeTestMethodCallbacks.java:74)
	at org.junit.internal.runners.statements.RunAfters.evaluate(RunAfters.java:27)
	at org.springframework.test.context.junit4.statements.RunAfterTestMethodCallbacks.evaluate(RunAfterTestMethodCallbacks.java:86)
	at org.springframework.test.context.junit4.statements.SpringRepeat.evaluate(SpringRepeat.java:84)
	at org.junit.runners.ParentRunner.runLeaf(ParentRunner.java:325)
	at org.springframework.test.context.junit4.SpringJUnit4ClassRunner.runChild(SpringJUnit4ClassRunner.java:251)
	at org.springframework.test.context.junit4.SpringJUnit4ClassRunner.runChild(SpringJUnit4ClassRunner.java:97)
	at org.junit.runners.ParentRunner$3.run(ParentRunner.java:290)
	at org.junit.runners.ParentRunner$1.schedule(ParentRunner.java:71)
	at org.junit.runners.ParentRunner.runChildren(ParentRunner.java:288)
	at org.junit.runners.ParentRunner.access$000(ParentRunner.java:58)
	at org.junit.runners.ParentRunner$2.evaluate(ParentRunner.java:268)
	at org.springframework.test.context.junit4.statements.RunBeforeTestClassCallbacks.evaluate(RunBeforeTestClassCallbacks.java:61)
	at org.springframework.test.context.junit4.statements.RunAfterTestClassCallbacks.evaluate(RunAfterTestClassCallbacks.java:70)
	at org.junit.runners.ParentRunner.run(ParentRunner.java:363)
	at org.springframework.test.context.junit4.SpringJUnit4ClassRunner.run(SpringJUnit4ClassRunner.java:190)
	at org.apache.maven.surefire.junit4.JUnit4TestSet.execute(JUnit4TestSet.java:59)
	at org.apache.maven.surefire.suite.AbstractDirectoryTestSuite.executeTestSet(AbstractDirectoryTestSuite.java:115)
	at org.apache.maven.surefire.suite.AbstractDirectoryTestSuite.execute(AbstractDirectoryTestSuite.java:102)
	at org.apache.maven.surefire.Surefire.run(Surefire.java:180)
	at java.base/jdk.internal.reflect.NativeMethodAccessorImpl.invoke0(Native Method)
	at java.base/jdk.internal.reflect.NativeMethodAccessorImpl.invoke(NativeMethodAccessorImpl.java:62)
	at java.base/jdk.internal.reflect.DelegatingMethodAccessorImpl.invoke(DelegatingMethodAccessorImpl.java:43)
	at java.base/java.lang.reflect.Method.invoke(Method.java:564)
	at org.apache.maven.surefire.booter.SurefireBooter.runSuitesInProcess(SurefireBooter.java:350)
	at org.apache.maven.surefire.booter.SurefireBooter.main(SurefireBooter.java:1021)
Caused by: org.neo4j.ogm.exception.ConnectionException: Could not create driver instance
	at org.neo4j.ogm.drivers.bolt.driver.BoltDriver.initializeDriver(BoltDriver.java:126)
	at org.neo4j.ogm.drivers.bolt.driver.BoltDriver.checkDriverInitialized(BoltDriver.java:103)
	at org.neo4j.ogm.drivers.bolt.driver.BoltDriver.newTransaction(BoltDriver.java:91)
	at org.neo4j.ogm.session.transaction.DefaultTransactionManager.openTransaction(DefaultTransactionManager.java:68)
	at org.neo4j.ogm.session.Neo4jSession.beginTransaction(Neo4jSession.java:524)
	at org.springframework.data.neo4j.transaction.Neo4jTransactionManager.doBegin(Neo4jTransactionManager.java:179)
	... 30 more
Caused by: org.neo4j.driver.v1.exceptions.ServiceUnavailableException: Unable to connect to localhost:7687, ensure the database is running and that there is a working network connection to it.
	at org.neo4j.driver.internal.async.ChannelConnectedListener.databaseUnavailableError(ChannelConnectedListener.java:84)
	at org.neo4j.driver.internal.async.ChannelConnectedListener.operationComplete(ChannelConnectedListener.java:78)
	at org.neo4j.driver.internal.async.ChannelConnectedListener.operationComplete(ChannelConnectedListener.java:37)
	at org.neo4j.driver.internal.shaded.io.netty.util.concurrent.DefaultPromise.notifyListener0(DefaultPromise.java:507)
	at org.neo4j.driver.internal.shaded.io.netty.util.concurrent.DefaultPromise.notifyListeners0(DefaultPromise.java:500)
	at org.neo4j.driver.internal.shaded.io.netty.util.concurrent.DefaultPromise.notifyListenersNow(DefaultPromise.java:479)
	at org.neo4j.driver.internal.shaded.io.netty.util.concurrent.DefaultPromise.notifyListeners(DefaultPromise.java:420)
	at org.neo4j.driver.internal.shaded.io.netty.util.concurrent.DefaultPromise.tryFailure(DefaultPromise.java:122)
	at org.neo4j.driver.internal.shaded.io.netty.channel.nio.AbstractNioChannel$AbstractNioUnsafe.fulfillConnectPromise(AbstractNioChannel.java:327)
	at org.neo4j.driver.internal.shaded.io.netty.channel.nio.AbstractNioChannel$AbstractNioUnsafe.finishConnect(AbstractNioChannel.java:343)
	at org.neo4j.driver.internal.shaded.io.netty.channel.nio.NioEventLoop.processSelectedKey(NioEventLoop.java:633)
	at org.neo4j.driver.internal.shaded.io.netty.channel.nio.NioEventLoop.processSelectedKeysOptimized(NioEventLoop.java:580)
	at org.neo4j.driver.internal.shaded.io.netty.channel.nio.NioEventLoop.processSelectedKeys(NioEventLoop.java:497)
	at org.neo4j.driver.internal.shaded.io.netty.channel.nio.NioEventLoop.run(NioEventLoop.java:459)
	at org.neo4j.driver.internal.shaded.io.netty.util.concurrent.SingleThreadEventExecutor$5.run(SingleThreadEventExecutor.java:858)
	at org.neo4j.driver.internal.shaded.io.netty.util.concurrent.DefaultThreadFactory$DefaultRunnableDecorator.run(DefaultThreadFactory.java:138)
	at java.base/java.lang.Thread.run(Thread.java:844)
Caused by: org.neo4j.driver.internal.shaded.io.netty.channel.AbstractChannel$AnnotatedConnectException: Connection refused: localhost/127.0.0.1:7687
	at java.base/sun.nio.ch.SocketChannelImpl.checkConnect(Native Method)
	at java.base/sun.nio.ch.SocketChannelImpl.finishConnect(SocketChannelImpl.java:717)
	at org.neo4j.driver.internal.shaded.io.netty.channel.socket.nio.NioSocketChannel.doFinishConnect(NioSocketChannel.java:323)
	at org.neo4j.driver.internal.shaded.io.netty.channel.nio.AbstractNioChannel$AbstractNioUnsafe.finishConnect(AbstractNioChannel.java:340)
	... 7 more
Caused by: java.net.ConnectException: Connection refused
	... 11 more
</error>
    <system-out>2018-11-06 12:56:54.506  INFO 12018 --- [           main] Driver                                   : Driver instance org.neo4j.driver.internal.InternalDriver@7c31e410 created
2018-11-06 12:56:54.509  INFO 12018 --- [           main] ConnectionPool                           : Closing connection pool towards localhost:7687
2018-11-06 12:56:56.727  WARN 12018 --- [           main] o.s.test.context.TestContextManager      : Caught exception while invoking &apos;beforeTestMethod&apos; callback on TestExecutionListener [org.springframework.test.context.transaction.TransactionalTestExecutionListener@1ec88aa1] for test method [public void com.stackroute.fullstackbackend.repository.UserRepoTest.getAllUsers()] and test instance [com.stackroute.fullstackbackend.repository.UserRepoTest@9880a15]

org.springframework.transaction.CannotCreateTransactionException: Could not open Neo4j Session for transaction; nested exception is org.neo4j.ogm.exception.ConnectionException: Could not create driver instance
	at org.springframework.data.neo4j.transaction.Neo4jTransactionManager.doBegin(Neo4jTransactionManager.java:201) ~[spring-data-neo4j-5.1.2.RELEASE.jar:5.1.2.RELEASE]
	at org.springframework.transaction.support.AbstractPlatformTransactionManager.getTransaction(AbstractPlatformTransactionManager.java:378) ~[spring-tx-5.1.2.RELEASE.jar:5.1.2.RELEASE]
	at org.springframework.test.context.transaction.TransactionContext.startTransaction(TransactionContext.java:103) ~[spring-test-5.1.2.RELEASE.jar:5.1.2.RELEASE]
	at org.springframework.test.context.transaction.TransactionalTestExecutionListener.beforeTestMethod(TransactionalTestExecutionListener.java:192) ~[spring-test-5.1.2.RELEASE.jar:5.1.2.RELEASE]
	at org.springframework.test.context.TestContextManager.beforeTestMethod(TestContextManager.java:291) ~[spring-test-5.1.2.RELEASE.jar:5.1.2.RELEASE]
	at org.springframework.test.context.junit4.statements.RunBeforeTestMethodCallbacks.evaluate(RunBeforeTestMethodCallbacks.java:74) [spring-test-5.1.2.RELEASE.jar:5.1.2.RELEASE]
	at org.junit.internal.runners.statements.RunAfters.evaluate(RunAfters.java:27) [junit-4.12.jar:4.12]
	at org.springframework.test.context.junit4.statements.RunAfterTestMethodCallbacks.evaluate(RunAfterTestMethodCallbacks.java:86) [spring-test-5.1.2.RELEASE.jar:5.1.2.RELEASE]
	at org.springframework.test.context.junit4.statements.SpringRepeat.evaluate(SpringRepeat.java:84) [spring-test-5.1.2.RELEASE.jar:5.1.2.RELEASE]
	at org.junit.runners.ParentRunner.runLeaf(ParentRunner.java:325) [junit-4.12.jar:4.12]
	at org.springframework.test.context.junit4.SpringJUnit4ClassRunner.runChild(SpringJUnit4ClassRunner.java:251) [spring-test-5.1.2.RELEASE.jar:5.1.2.RELEASE]
	at org.springframework.test.context.junit4.SpringJUnit4ClassRunner.runChild(SpringJUnit4ClassRunner.java:97) [spring-test-5.1.2.RELEASE.jar:5.1.2.RELEASE]
	at org.junit.runners.ParentRunner$3.run(ParentRunner.java:290) [junit-4.12.jar:4.12]
	at org.junit.runners.ParentRunner$1.schedule(ParentRunner.java:71) [junit-4.12.jar:4.12]
	at org.junit.runners.ParentRunner.runChildren(ParentRunner.java:288) [junit-4.12.jar:4.12]
	at org.junit.runners.ParentRunner.access$000(ParentRunner.java:58) [junit-4.12.jar:4.12]
	at org.junit.runners.ParentRunner$2.evaluate(ParentRunner.java:268) [junit-4.12.jar:4.12]
	at org.springframework.test.context.junit4.statements.RunBeforeTestClassCallbacks.evaluate(RunBeforeTestClassCallbacks.java:61) [spring-test-5.1.2.RELEASE.jar:5.1.2.RELEASE]
	at org.springframework.test.context.junit4.statements.RunAfterTestClassCallbacks.evaluate(RunAfterTestClassCallbacks.java:70) [spring-test-5.1.2.RELEASE.jar:5.1.2.RELEASE]
	at org.junit.runners.ParentRunner.run(ParentRunner.java:363) [junit-4.12.jar:4.12]
	at org.springframework.test.context.junit4.SpringJUnit4ClassRunner.run(SpringJUnit4ClassRunner.java:190) [spring-test-5.1.2.RELEASE.jar:5.1.2.RELEASE]
	at org.apache.maven.surefire.junit4.JUnit4TestSet.execute(JUnit4TestSet.java:59) [surefire-junit4-2.5.jar:2.5]
	at org.apache.maven.surefire.suite.AbstractDirectoryTestSuite.executeTestSet(AbstractDirectoryTestSuite.java:115) [surefire-api-2.5.jar:2.5]
	at org.apache.maven.surefire.suite.AbstractDirectoryTestSuite.execute(AbstractDirectoryTestSuite.java:102) [surefire-api-2.5.jar:2.5]
	at org.apache.maven.surefire.Surefire.run(Surefire.java:180) [surefire-api-2.5.jar:2.5]
	at java.base/jdk.internal.reflect.NativeMethodAccessorImpl.invoke0(Native Method) ~[na:na]
	at java.base/jdk.internal.reflect.NativeMethodAccessorImpl.invoke(NativeMethodAccessorImpl.java:62) ~[na:na]
	at java.base/jdk.internal.reflect.DelegatingMethodAccessorImpl.invoke(DelegatingMethodAccessorImpl.java:43) ~[na:na]
	at java.base/java.lang.reflect.Method.invoke(Method.java:564) ~[na:na]
	at org.apache.maven.surefire.booter.SurefireBooter.runSuitesInProcess(SurefireBooter.java:350) [surefire-booter-2.5.jar:2.5]
	at org.apache.maven.surefire.booter.SurefireBooter.main(SurefireBooter.java:1021) [surefire-booter-2.5.jar:2.5]
Caused by: org.neo4j.ogm.exception.ConnectionException: Could not create driver instance
	at org.neo4j.ogm.drivers.bolt.driver.BoltDriver.initializeDriver(BoltDriver.java:126) ~[neo4j-ogm-bolt-driver-3.1.1.jar:3.1.1]
	at org.neo4j.ogm.drivers.bolt.driver.BoltDriver.checkDriverInitialized(BoltDriver.java:103) ~[neo4j-ogm-bolt-driver-3.1.1.jar:3.1.1]
	at org.neo4j.ogm.drivers.bolt.driver.BoltDriver.newTransaction(BoltDriver.java:91) ~[neo4j-ogm-bolt-driver-3.1.1.jar:3.1.1]
	at org.neo4j.ogm.session.transaction.DefaultTransactionManager.openTransaction(DefaultTransactionManager.java:68) ~[neo4j-ogm-core-3.1.4.jar:3.1.4]
	at org.neo4j.ogm.session.Neo4jSession.beginTransaction(Neo4jSession.java:524) ~[neo4j-ogm-core-3.1.4.jar:3.1.4]
	at org.springframework.data.neo4j.transaction.Neo4jTransactionManager.doBegin(Neo4jTransactionManager.java:179) ~[spring-data-neo4j-5.1.2.RELEASE.jar:5.1.2.RELEASE]
	... 30 common frames omitted
Caused by: org.neo4j.driver.v1.exceptions.ServiceUnavailableException: Unable to connect to localhost:7687, ensure the database is running and that there is a working network connection to it.
	at org.neo4j.driver.internal.async.ChannelConnectedListener.databaseUnavailableError(ChannelConnectedListener.java:84) ~[neo4j-java-driver-1.5.0.jar:1.5.0-0f49eb425368377c0c3905e0769af9b70c88d65f]
	at org.neo4j.driver.internal.async.ChannelConnectedListener.operationComplete(ChannelConnectedListener.java:78) ~[neo4j-java-driver-1.5.0.jar:1.5.0-0f49eb425368377c0c3905e0769af9b70c88d65f]
	at org.neo4j.driver.internal.async.ChannelConnectedListener.operationComplete(ChannelConnectedListener.java:37) ~[neo4j-java-driver-1.5.0.jar:1.5.0-0f49eb425368377c0c3905e0769af9b70c88d65f]
	at org.neo4j.driver.internal.shaded.io.netty.util.concurrent.DefaultPromise.notifyListener0(DefaultPromise.java:507) ~[neo4j-java-driver-1.5.0.jar:1.5.0-0f49eb425368377c0c3905e0769af9b70c88d65f]
	at org.neo4j.driver.internal.shaded.io.netty.util.concurrent.DefaultPromise.notifyListeners0(DefaultPromise.java:500) ~[neo4j-java-driver-1.5.0.jar:1.5.0-0f49eb425368377c0c3905e0769af9b70c88d65f]
	at org.neo4j.driver.internal.shaded.io.netty.util.concurrent.DefaultPromise.notifyListenersNow(DefaultPromise.java:479) ~[neo4j-java-driver-1.5.0.jar:1.5.0-0f49eb425368377c0c3905e0769af9b70c88d65f]
	at org.neo4j.driver.internal.shaded.io.netty.util.concurrent.DefaultPromise.notifyListeners(DefaultPromise.java:420) ~[neo4j-java-driver-1.5.0.jar:1.5.0-0f49eb425368377c0c3905e0769af9b70c88d65f]
	at org.neo4j.driver.internal.shaded.io.netty.util.concurrent.DefaultPromise.tryFailure(DefaultPromise.java:122) ~[neo4j-java-driver-1.5.0.jar:1.5.0-0f49eb425368377c0c3905e0769af9b70c88d65f]
	at org.neo4j.driver.internal.shaded.io.netty.channel.nio.AbstractNioChannel$AbstractNioUnsafe.fulfillConnectPromise(AbstractNioChannel.java:327) ~[neo4j-java-driver-1.5.0.jar:1.5.0-0f49eb425368377c0c3905e0769af9b70c88d65f]
	at org.neo4j.driver.internal.shaded.io.netty.channel.nio.AbstractNioChannel$AbstractNioUnsafe.finishConnect(AbstractNioChannel.java:343) ~[neo4j-java-driver-1.5.0.jar:1.5.0-0f49eb425368377c0c3905e0769af9b70c88d65f]
	at org.neo4j.driver.internal.shaded.io.netty.channel.nio.NioEventLoop.processSelectedKey(NioEventLoop.java:633) ~[neo4j-java-driver-1.5.0.jar:1.5.0-0f49eb425368377c0c3905e0769af9b70c88d65f]
	at org.neo4j.driver.internal.shaded.io.netty.channel.nio.NioEventLoop.processSelectedKeysOptimized(NioEventLoop.java:580) ~[neo4j-java-driver-1.5.0.jar:1.5.0-0f49eb425368377c0c3905e0769af9b70c88d65f]
	at org.neo4j.driver.internal.shaded.io.netty.channel.nio.NioEventLoop.processSelectedKeys(NioEventLoop.java:497) ~[neo4j-java-driver-1.5.0.jar:1.5.0-0f49eb425368377c0c3905e0769af9b70c88d65f]
	at org.neo4j.driver.internal.shaded.io.netty.channel.nio.NioEventLoop.run(NioEventLoop.java:459) ~[neo4j-java-driver-1.5.0.jar:1.5.0-0f49eb425368377c0c3905e0769af9b70c88d65f]
	at org.neo4j.driver.internal.shaded.io.netty.util.concurrent.SingleThreadEventExecutor$5.run(SingleThreadEventExecutor.java:858) ~[neo4j-java-driver-1.5.0.jar:1.5.0-0f49eb425368377c0c3905e0769af9b70c88d65f]
	at org.neo4j.driver.internal.shaded.io.netty.util.concurrent.DefaultThreadFactory$DefaultRunnableDecorator.run(DefaultThreadFactory.java:138) ~[neo4j-java-driver-1.5.0.jar:1.5.0-0f49eb425368377c0c3905e0769af9b70c88d65f]
	at java.base/java.lang.Thread.run(Thread.java:844) ~[na:na]
Caused by: org.neo4j.driver.internal.shaded.io.netty.channel.AbstractChannel$AnnotatedConnectException: Connection refused: localhost/127.0.0.1:7687
	at java.base/sun.nio.ch.SocketChannelImpl.checkConnect(Native Method) ~[na:na]
	at java.base/sun.nio.ch.SocketChannelImpl.finishConnect(SocketChannelImpl.java:717) ~[na:na]
	at org.neo4j.driver.internal.shaded.io.netty.channel.socket.nio.NioSocketChannel.doFinishConnect(NioSocketChannel.java:323) ~[neo4j-java-driver-1.5.0.jar:1.5.0-0f49eb425368377c0c3905e0769af9b70c88d65f]
	at org.neo4j.driver.internal.shaded.io.netty.channel.nio.AbstractNioChannel$AbstractNioUnsafe.finishConnect(AbstractNioChannel.java:340) ~[neo4j-java-driver-1.5.0.jar:1.5.0-0f49eb425368377c0c3905e0769af9b70c88d65f]
	... 7 common frames omitted
Caused by: java.net.ConnectException: Connection refused
	... 11 common frames omitted

2018-11-06 12:56:56.737  INFO 12018 --- [           main] Driver                                   : Driver instance org.neo4j.driver.internal.InternalDriver@6fc0e448 created
2018-11-06 12:56:56.746  INFO 12018 --- [           main] ConnectionPool                           : Closing connection pool towards localhost:7687
</system-out>
  </testcase>
  <testcase classname="com.stackroute.fullstackbackend.repository.UserRepoTest" name="getAllUsers" time="4.456">
    <error message="Could not open Neo4j Session for transaction; nested exception is org.neo4j.ogm.exception.ConnectionException: Could not create driver instance" type="org.springframework.transaction.CannotCreateTransactionException">org.springframework.transaction.CannotCreateTransactionException: Could not open Neo4j Session for transaction; nested exception is org.neo4j.ogm.exception.ConnectionException: Could not create driver instance
	at org.springframework.data.neo4j.transaction.Neo4jTransactionManager.doBegin(Neo4jTransactionManager.java:201)
	at org.springframework.transaction.support.AbstractPlatformTransactionManager.getTransaction(AbstractPlatformTransactionManager.java:378)
	at org.springframework.transaction.interceptor.TransactionAspectSupport.createTransactionIfNecessary(TransactionAspectSupport.java:474)
	at org.springframework.transaction.interceptor.TransactionAspectSupport.invokeWithinTransaction(TransactionAspectSupport.java:289)
	at org.springframework.transaction.interceptor.TransactionInterceptor.invoke(TransactionInterceptor.java:98)
	at org.springframework.aop.framework.ReflectiveMethodInvocation.proceed(ReflectiveMethodInvocation.java:186)
	at org.springframework.dao.support.PersistenceExceptionTranslationInterceptor.invoke(PersistenceExceptionTranslationInterceptor.java:139)
	at org.springframework.aop.framework.ReflectiveMethodInvocation.proceed(ReflectiveMethodInvocation.java:186)
	at org.springframework.aop.interceptor.ExposeInvocationInterceptor.invoke(ExposeInvocationInterceptor.java:93)
	at org.springframework.aop.framework.ReflectiveMethodInvocation.proceed(ReflectiveMethodInvocation.java:186)
	at org.springframework.data.repository.core.support.SurroundingTransactionDetectorMethodInterceptor.invoke(SurroundingTransactionDetectorMethodInterceptor.java:61)
	at org.springframework.aop.framework.ReflectiveMethodInvocation.proceed(ReflectiveMethodInvocation.java:186)
	at org.springframework.aop.framework.JdkDynamicAopProxy.invoke(JdkDynamicAopProxy.java:212)
	at com.sun.proxy.$Proxy131.deleteAll(Unknown Source)
	at com.stackroute.fullstackbackend.repository.UserRepoTest.tearDown(UserRepoTest.java:36)
	at java.base/jdk.internal.reflect.NativeMethodAccessorImpl.invoke0(Native Method)
	at java.base/jdk.internal.reflect.NativeMethodAccessorImpl.invoke(NativeMethodAccessorImpl.java:62)
	at java.base/jdk.internal.reflect.DelegatingMethodAccessorImpl.invoke(DelegatingMethodAccessorImpl.java:43)
	at java.base/java.lang.reflect.Method.invoke(Method.java:564)
	at org.junit.runners.model.FrameworkMethod$1.runReflectiveCall(FrameworkMethod.java:50)
	at org.junit.internal.runners.model.ReflectiveCallable.run(ReflectiveCallable.java:12)
	at org.junit.runners.model.FrameworkMethod.invokeExplosively(FrameworkMethod.java:47)
	at org.junit.internal.runners.statements.RunAfters.evaluate(RunAfters.java:33)
	at org.springframework.test.context.junit4.statements.RunAfterTestMethodCallbacks.evaluate(RunAfterTestMethodCallbacks.java:86)
	at org.springframework.test.context.junit4.statements.SpringRepeat.evaluate(SpringRepeat.java:84)
	at org.junit.runners.ParentRunner.runLeaf(ParentRunner.java:325)
	at org.springframework.test.context.junit4.SpringJUnit4ClassRunner.runChild(SpringJUnit4ClassRunner.java:251)
	at org.springframework.test.context.junit4.SpringJUnit4ClassRunner.runChild(SpringJUnit4ClassRunner.java:97)
	at org.junit.runners.ParentRunner$3.run(ParentRunner.java:290)
	at org.junit.runners.ParentRunner$1.schedule(ParentRunner.java:71)
	at org.junit.runners.ParentRunner.runChildren(ParentRunner.java:288)
	at org.junit.runners.ParentRunner.access$000(ParentRunner.java:58)
	at org.junit.runners.ParentRunner$2.evaluate(ParentRunner.java:268)
	at org.springframework.test.context.junit4.statements.RunBeforeTestClassCallbacks.evaluate(RunBeforeTestClassCallbacks.java:61)
	at org.springframework.test.context.junit4.statements.RunAfterTestClassCallbacks.evaluate(RunAfterTestClassCallbacks.java:70)
	at org.junit.runners.ParentRunner.run(ParentRunner.java:363)
	at org.springframework.test.context.junit4.SpringJUnit4ClassRunner.run(SpringJUnit4ClassRunner.java:190)
	at org.apache.maven.surefire.junit4.JUnit4TestSet.execute(JUnit4TestSet.java:59)
	at org.apache.maven.surefire.suite.AbstractDirectoryTestSuite.executeTestSet(AbstractDirectoryTestSuite.java:115)
	at org.apache.maven.surefire.suite.AbstractDirectoryTestSuite.execute(AbstractDirectoryTestSuite.java:102)
	at org.apache.maven.surefire.Surefire.run(Surefire.java:180)
	at java.base/jdk.internal.reflect.NativeMethodAccessorImpl.invoke0(Native Method)
	at java.base/jdk.internal.reflect.NativeMethodAccessorImpl.invoke(NativeMethodAccessorImpl.java:62)
	at java.base/jdk.internal.reflect.DelegatingMethodAccessorImpl.invoke(DelegatingMethodAccessorImpl.java:43)
	at java.base/java.lang.reflect.Method.invoke(Method.java:564)
	at org.apache.maven.surefire.booter.SurefireBooter.runSuitesInProcess(SurefireBooter.java:350)
	at org.apache.maven.surefire.booter.SurefireBooter.main(SurefireBooter.java:1021)
Caused by: org.neo4j.ogm.exception.ConnectionException: Could not create driver instance
	at org.neo4j.ogm.drivers.bolt.driver.BoltDriver.initializeDriver(BoltDriver.java:126)
	at org.neo4j.ogm.drivers.bolt.driver.BoltDriver.checkDriverInitialized(BoltDriver.java:103)
	at org.neo4j.ogm.drivers.bolt.driver.BoltDriver.newTransaction(BoltDriver.java:91)
	at org.neo4j.ogm.session.transaction.DefaultTransactionManager.openTransaction(DefaultTransactionManager.java:68)
	at org.neo4j.ogm.session.Neo4jSession.beginTransaction(Neo4jSession.java:524)
	at org.springframework.data.neo4j.transaction.Neo4jTransactionManager.doBegin(Neo4jTransactionManager.java:179)
	... 46 more
Caused by: org.neo4j.driver.v1.exceptions.ServiceUnavailableException: Unable to connect to localhost:7687, ensure the database is running and that there is a working network connection to it.
	at org.neo4j.driver.internal.async.ChannelConnectedListener.databaseUnavailableError(ChannelConnectedListener.java:84)
	at org.neo4j.driver.internal.async.ChannelConnectedListener.operationComplete(ChannelConnectedListener.java:78)
	at org.neo4j.driver.internal.async.ChannelConnectedListener.operationComplete(ChannelConnectedListener.java:37)
	at org.neo4j.driver.internal.shaded.io.netty.util.concurrent.DefaultPromise.notifyListener0(DefaultPromise.java:507)
	at org.neo4j.driver.internal.shaded.io.netty.util.concurrent.DefaultPromise.notifyListeners0(DefaultPromise.java:500)
	at org.neo4j.driver.internal.shaded.io.netty.util.concurrent.DefaultPromise.notifyListenersNow(DefaultPromise.java:479)
	at org.neo4j.driver.internal.shaded.io.netty.util.concurrent.DefaultPromise.notifyListeners(DefaultPromise.java:420)
	at org.neo4j.driver.internal.shaded.io.netty.util.concurrent.DefaultPromise.tryFailure(DefaultPromise.java:122)
	at org.neo4j.driver.internal.shaded.io.netty.channel.nio.AbstractNioChannel$AbstractNioUnsafe.fulfillConnectPromise(AbstractNioChannel.java:327)
	at org.neo4j.driver.internal.shaded.io.netty.channel.nio.AbstractNioChannel$AbstractNioUnsafe.finishConnect(AbstractNioChannel.java:343)
	at org.neo4j.driver.internal.shaded.io.netty.channel.nio.NioEventLoop.processSelectedKey(NioEventLoop.java:633)
	at org.neo4j.driver.internal.shaded.io.netty.channel.nio.NioEventLoop.processSelectedKeysOptimized(NioEventLoop.java:580)
	at org.neo4j.driver.internal.shaded.io.netty.channel.nio.NioEventLoop.processSelectedKeys(NioEventLoop.java:497)
	at org.neo4j.driver.internal.shaded.io.netty.channel.nio.NioEventLoop.run(NioEventLoop.java:459)
	at org.neo4j.driver.internal.shaded.io.netty.util.concurrent.SingleThreadEventExecutor$5.run(SingleThreadEventExecutor.java:858)
	at org.neo4j.driver.internal.shaded.io.netty.util.concurrent.DefaultThreadFactory$DefaultRunnableDecorator.run(DefaultThreadFactory.java:138)
	at java.base/java.lang.Thread.run(Thread.java:844)
Caused by: org.neo4j.driver.internal.shaded.io.netty.channel.AbstractChannel$AnnotatedConnectException: Connection refused: localhost/127.0.0.1:7687
	at java.base/sun.nio.ch.SocketChannelImpl.checkConnect(Native Method)
	at java.base/sun.nio.ch.SocketChannelImpl.finishConnect(SocketChannelImpl.java:717)
	at org.neo4j.driver.internal.shaded.io.netty.channel.socket.nio.NioSocketChannel.doFinishConnect(NioSocketChannel.java:323)
	at org.neo4j.driver.internal.shaded.io.netty.channel.nio.AbstractNioChannel$AbstractNioUnsafe.finishConnect(AbstractNioChannel.java:340)
	... 7 more
Caused by: java.net.ConnectException: Connection refused
	... 11 more
</error>
    <system-out>2018-11-06 12:56:54.506  INFO 12018 --- [           main] Driver                                   : Driver instance org.neo4j.driver.internal.InternalDriver@7c31e410 created
2018-11-06 12:56:54.509  INFO 12018 --- [           main] ConnectionPool                           : Closing connection pool towards localhost:7687
2018-11-06 12:56:56.727  WARN 12018 --- [           main] o.s.test.context.TestContextManager      : Caught exception while invoking &apos;beforeTestMethod&apos; callback on TestExecutionListener [org.springframework.test.context.transaction.TransactionalTestExecutionListener@1ec88aa1] for test method [public void com.stackroute.fullstackbackend.repository.UserRepoTest.getAllUsers()] and test instance [com.stackroute.fullstackbackend.repository.UserRepoTest@9880a15]

org.springframework.transaction.CannotCreateTransactionException: Could not open Neo4j Session for transaction; nested exception is org.neo4j.ogm.exception.ConnectionException: Could not create driver instance
	at org.springframework.data.neo4j.transaction.Neo4jTransactionManager.doBegin(Neo4jTransactionManager.java:201) ~[spring-data-neo4j-5.1.2.RELEASE.jar:5.1.2.RELEASE]
	at org.springframework.transaction.support.AbstractPlatformTransactionManager.getTransaction(AbstractPlatformTransactionManager.java:378) ~[spring-tx-5.1.2.RELEASE.jar:5.1.2.RELEASE]
	at org.springframework.test.context.transaction.TransactionContext.startTransaction(TransactionContext.java:103) ~[spring-test-5.1.2.RELEASE.jar:5.1.2.RELEASE]
	at org.springframework.test.context.transaction.TransactionalTestExecutionListener.beforeTestMethod(TransactionalTestExecutionListener.java:192) ~[spring-test-5.1.2.RELEASE.jar:5.1.2.RELEASE]
	at org.springframework.test.context.TestContextManager.beforeTestMethod(TestContextManager.java:291) ~[spring-test-5.1.2.RELEASE.jar:5.1.2.RELEASE]
	at org.springframework.test.context.junit4.statements.RunBeforeTestMethodCallbacks.evaluate(RunBeforeTestMethodCallbacks.java:74) [spring-test-5.1.2.RELEASE.jar:5.1.2.RELEASE]
	at org.junit.internal.runners.statements.RunAfters.evaluate(RunAfters.java:27) [junit-4.12.jar:4.12]
	at org.springframework.test.context.junit4.statements.RunAfterTestMethodCallbacks.evaluate(RunAfterTestMethodCallbacks.java:86) [spring-test-5.1.2.RELEASE.jar:5.1.2.RELEASE]
	at org.springframework.test.context.junit4.statements.SpringRepeat.evaluate(SpringRepeat.java:84) [spring-test-5.1.2.RELEASE.jar:5.1.2.RELEASE]
	at org.junit.runners.ParentRunner.runLeaf(ParentRunner.java:325) [junit-4.12.jar:4.12]
	at org.springframework.test.context.junit4.SpringJUnit4ClassRunner.runChild(SpringJUnit4ClassRunner.java:251) [spring-test-5.1.2.RELEASE.jar:5.1.2.RELEASE]
	at org.springframework.test.context.junit4.SpringJUnit4ClassRunner.runChild(SpringJUnit4ClassRunner.java:97) [spring-test-5.1.2.RELEASE.jar:5.1.2.RELEASE]
	at org.junit.runners.ParentRunner$3.run(ParentRunner.java:290) [junit-4.12.jar:4.12]
	at org.junit.runners.ParentRunner$1.schedule(ParentRunner.java:71) [junit-4.12.jar:4.12]
	at org.junit.runners.ParentRunner.runChildren(ParentRunner.java:288) [junit-4.12.jar:4.12]
	at org.junit.runners.ParentRunner.access$000(ParentRunner.java:58) [junit-4.12.jar:4.12]
	at org.junit.runners.ParentRunner$2.evaluate(ParentRunner.java:268) [junit-4.12.jar:4.12]
	at org.springframework.test.context.junit4.statements.RunBeforeTestClassCallbacks.evaluate(RunBeforeTestClassCallbacks.java:61) [spring-test-5.1.2.RELEASE.jar:5.1.2.RELEASE]
	at org.springframework.test.context.junit4.statements.RunAfterTestClassCallbacks.evaluate(RunAfterTestClassCallbacks.java:70) [spring-test-5.1.2.RELEASE.jar:5.1.2.RELEASE]
	at org.junit.runners.ParentRunner.run(ParentRunner.java:363) [junit-4.12.jar:4.12]
	at org.springframework.test.context.junit4.SpringJUnit4ClassRunner.run(SpringJUnit4ClassRunner.java:190) [spring-test-5.1.2.RELEASE.jar:5.1.2.RELEASE]
	at org.apache.maven.surefire.junit4.JUnit4TestSet.execute(JUnit4TestSet.java:59) [surefire-junit4-2.5.jar:2.5]
	at org.apache.maven.surefire.suite.AbstractDirectoryTestSuite.executeTestSet(AbstractDirectoryTestSuite.java:115) [surefire-api-2.5.jar:2.5]
	at org.apache.maven.surefire.suite.AbstractDirectoryTestSuite.execute(AbstractDirectoryTestSuite.java:102) [surefire-api-2.5.jar:2.5]
	at org.apache.maven.surefire.Surefire.run(Surefire.java:180) [surefire-api-2.5.jar:2.5]
	at java.base/jdk.internal.reflect.NativeMethodAccessorImpl.invoke0(Native Method) ~[na:na]
	at java.base/jdk.internal.reflect.NativeMethodAccessorImpl.invoke(NativeMethodAccessorImpl.java:62) ~[na:na]
	at java.base/jdk.internal.reflect.DelegatingMethodAccessorImpl.invoke(DelegatingMethodAccessorImpl.java:43) ~[na:na]
	at java.base/java.lang.reflect.Method.invoke(Method.java:564) ~[na:na]
	at org.apache.maven.surefire.booter.SurefireBooter.runSuitesInProcess(SurefireBooter.java:350) [surefire-booter-2.5.jar:2.5]
	at org.apache.maven.surefire.booter.SurefireBooter.main(SurefireBooter.java:1021) [surefire-booter-2.5.jar:2.5]
Caused by: org.neo4j.ogm.exception.ConnectionException: Could not create driver instance
	at org.neo4j.ogm.drivers.bolt.driver.BoltDriver.initializeDriver(BoltDriver.java:126) ~[neo4j-ogm-bolt-driver-3.1.1.jar:3.1.1]
	at org.neo4j.ogm.drivers.bolt.driver.BoltDriver.checkDriverInitialized(BoltDriver.java:103) ~[neo4j-ogm-bolt-driver-3.1.1.jar:3.1.1]
	at org.neo4j.ogm.drivers.bolt.driver.BoltDriver.newTransaction(BoltDriver.java:91) ~[neo4j-ogm-bolt-driver-3.1.1.jar:3.1.1]
	at org.neo4j.ogm.session.transaction.DefaultTransactionManager.openTransaction(DefaultTransactionManager.java:68) ~[neo4j-ogm-core-3.1.4.jar:3.1.4]
	at org.neo4j.ogm.session.Neo4jSession.beginTransaction(Neo4jSession.java:524) ~[neo4j-ogm-core-3.1.4.jar:3.1.4]
	at org.springframework.data.neo4j.transaction.Neo4jTransactionManager.doBegin(Neo4jTransactionManager.java:179) ~[spring-data-neo4j-5.1.2.RELEASE.jar:5.1.2.RELEASE]
	... 30 common frames omitted
Caused by: org.neo4j.driver.v1.exceptions.ServiceUnavailableException: Unable to connect to localhost:7687, ensure the database is running and that there is a working network connection to it.
	at org.neo4j.driver.internal.async.ChannelConnectedListener.databaseUnavailableError(ChannelConnectedListener.java:84) ~[neo4j-java-driver-1.5.0.jar:1.5.0-0f49eb425368377c0c3905e0769af9b70c88d65f]
	at org.neo4j.driver.internal.async.ChannelConnectedListener.operationComplete(ChannelConnectedListener.java:78) ~[neo4j-java-driver-1.5.0.jar:1.5.0-0f49eb425368377c0c3905e0769af9b70c88d65f]
	at org.neo4j.driver.internal.async.ChannelConnectedListener.operationComplete(ChannelConnectedListener.java:37) ~[neo4j-java-driver-1.5.0.jar:1.5.0-0f49eb425368377c0c3905e0769af9b70c88d65f]
	at org.neo4j.driver.internal.shaded.io.netty.util.concurrent.DefaultPromise.notifyListener0(DefaultPromise.java:507) ~[neo4j-java-driver-1.5.0.jar:1.5.0-0f49eb425368377c0c3905e0769af9b70c88d65f]
	at org.neo4j.driver.internal.shaded.io.netty.util.concurrent.DefaultPromise.notifyListeners0(DefaultPromise.java:500) ~[neo4j-java-driver-1.5.0.jar:1.5.0-0f49eb425368377c0c3905e0769af9b70c88d65f]
	at org.neo4j.driver.internal.shaded.io.netty.util.concurrent.DefaultPromise.notifyListenersNow(DefaultPromise.java:479) ~[neo4j-java-driver-1.5.0.jar:1.5.0-0f49eb425368377c0c3905e0769af9b70c88d65f]
	at org.neo4j.driver.internal.shaded.io.netty.util.concurrent.DefaultPromise.notifyListeners(DefaultPromise.java:420) ~[neo4j-java-driver-1.5.0.jar:1.5.0-0f49eb425368377c0c3905e0769af9b70c88d65f]
	at org.neo4j.driver.internal.shaded.io.netty.util.concurrent.DefaultPromise.tryFailure(DefaultPromise.java:122) ~[neo4j-java-driver-1.5.0.jar:1.5.0-0f49eb425368377c0c3905e0769af9b70c88d65f]
	at org.neo4j.driver.internal.shaded.io.netty.channel.nio.AbstractNioChannel$AbstractNioUnsafe.fulfillConnectPromise(AbstractNioChannel.java:327) ~[neo4j-java-driver-1.5.0.jar:1.5.0-0f49eb425368377c0c3905e0769af9b70c88d65f]
	at org.neo4j.driver.internal.shaded.io.netty.channel.nio.AbstractNioChannel$AbstractNioUnsafe.finishConnect(AbstractNioChannel.java:343) ~[neo4j-java-driver-1.5.0.jar:1.5.0-0f49eb425368377c0c3905e0769af9b70c88d65f]
	at org.neo4j.driver.internal.shaded.io.netty.channel.nio.NioEventLoop.processSelectedKey(NioEventLoop.java:633) ~[neo4j-java-driver-1.5.0.jar:1.5.0-0f49eb425368377c0c3905e0769af9b70c88d65f]
	at org.neo4j.driver.internal.shaded.io.netty.channel.nio.NioEventLoop.processSelectedKeysOptimized(NioEventLoop.java:580) ~[neo4j-java-driver-1.5.0.jar:1.5.0-0f49eb425368377c0c3905e0769af9b70c88d65f]
	at org.neo4j.driver.internal.shaded.io.netty.channel.nio.NioEventLoop.processSelectedKeys(NioEventLoop.java:497) ~[neo4j-java-driver-1.5.0.jar:1.5.0-0f49eb425368377c0c3905e0769af9b70c88d65f]
	at org.neo4j.driver.internal.shaded.io.netty.channel.nio.NioEventLoop.run(NioEventLoop.java:459) ~[neo4j-java-driver-1.5.0.jar:1.5.0-0f49eb425368377c0c3905e0769af9b70c88d65f]
	at org.neo4j.driver.internal.shaded.io.netty.util.concurrent.SingleThreadEventExecutor$5.run(SingleThreadEventExecutor.java:858) ~[neo4j-java-driver-1.5.0.jar:1.5.0-0f49eb425368377c0c3905e0769af9b70c88d65f]
	at org.neo4j.driver.internal.shaded.io.netty.util.concurrent.DefaultThreadFactory$DefaultRunnableDecorator.run(DefaultThreadFactory.java:138) ~[neo4j-java-driver-1.5.0.jar:1.5.0-0f49eb425368377c0c3905e0769af9b70c88d65f]
	at java.base/java.lang.Thread.run(Thread.java:844) ~[na:na]
Caused by: org.neo4j.driver.internal.shaded.io.netty.channel.AbstractChannel$AnnotatedConnectException: Connection refused: localhost/127.0.0.1:7687
	at java.base/sun.nio.ch.SocketChannelImpl.checkConnect(Native Method) ~[na:na]
	at java.base/sun.nio.ch.SocketChannelImpl.finishConnect(SocketChannelImpl.java:717) ~[na:na]
	at org.neo4j.driver.internal.shaded.io.netty.channel.socket.nio.NioSocketChannel.doFinishConnect(NioSocketChannel.java:323) ~[neo4j-java-driver-1.5.0.jar:1.5.0-0f49eb425368377c0c3905e0769af9b70c88d65f]
	at org.neo4j.driver.internal.shaded.io.netty.channel.nio.AbstractNioChannel$AbstractNioUnsafe.finishConnect(AbstractNioChannel.java:340) ~[neo4j-java-driver-1.5.0.jar:1.5.0-0f49eb425368377c0c3905e0769af9b70c88d65f]
	... 7 common frames omitted
Caused by: java.net.ConnectException: Connection refused
	... 11 common frames omitted

2018-11-06 12:56:56.737  INFO 12018 --- [           main] Driver                                   : Driver instance org.neo4j.driver.internal.InternalDriver@6fc0e448 created
2018-11-06 12:56:56.746  INFO 12018 --- [           main] ConnectionPool                           : Closing connection pool towards localhost:7687
</system-out>
  </testcase>
  <testcase classname="com.stackroute.fullstackbackend.repository.UserRepoTest" name="deleteUserFriend" time="4.428">
    <error message="Could not open Neo4j Session for transaction; nested exception is org.neo4j.ogm.exception.ConnectionException: Could not create driver instance" type="org.springframework.transaction.CannotCreateTransactionException">org.springframework.transaction.CannotCreateTransactionException: Could not open Neo4j Session for transaction; nested exception is org.neo4j.ogm.exception.ConnectionException: Could not create driver instance
	at org.springframework.data.neo4j.transaction.Neo4jTransactionManager.doBegin(Neo4jTransactionManager.java:201)
	at org.springframework.transaction.support.AbstractPlatformTransactionManager.getTransaction(AbstractPlatformTransactionManager.java:378)
	at org.springframework.test.context.transaction.TransactionContext.startTransaction(TransactionContext.java:103)
	at org.springframework.test.context.transaction.TransactionalTestExecutionListener.beforeTestMethod(TransactionalTestExecutionListener.java:192)
	at org.springframework.test.context.TestContextManager.beforeTestMethod(TestContextManager.java:291)
	at org.springframework.test.context.junit4.statements.RunBeforeTestMethodCallbacks.evaluate(RunBeforeTestMethodCallbacks.java:74)
	at org.junit.internal.runners.statements.RunAfters.evaluate(RunAfters.java:27)
	at org.springframework.test.context.junit4.statements.RunAfterTestMethodCallbacks.evaluate(RunAfterTestMethodCallbacks.java:86)
	at org.springframework.test.context.junit4.statements.SpringRepeat.evaluate(SpringRepeat.java:84)
	at org.junit.runners.ParentRunner.runLeaf(ParentRunner.java:325)
	at org.springframework.test.context.junit4.SpringJUnit4ClassRunner.runChild(SpringJUnit4ClassRunner.java:251)
	at org.springframework.test.context.junit4.SpringJUnit4ClassRunner.runChild(SpringJUnit4ClassRunner.java:97)
	at org.junit.runners.ParentRunner$3.run(ParentRunner.java:290)
	at org.junit.runners.ParentRunner$1.schedule(ParentRunner.java:71)
	at org.junit.runners.ParentRunner.runChildren(ParentRunner.java:288)
	at org.junit.runners.ParentRunner.access$000(ParentRunner.java:58)
	at org.junit.runners.ParentRunner$2.evaluate(ParentRunner.java:268)
	at org.springframework.test.context.junit4.statements.RunBeforeTestClassCallbacks.evaluate(RunBeforeTestClassCallbacks.java:61)
	at org.springframework.test.context.junit4.statements.RunAfterTestClassCallbacks.evaluate(RunAfterTestClassCallbacks.java:70)
	at org.junit.runners.ParentRunner.run(ParentRunner.java:363)
	at org.springframework.test.context.junit4.SpringJUnit4ClassRunner.run(SpringJUnit4ClassRunner.java:190)
	at org.apache.maven.surefire.junit4.JUnit4TestSet.execute(JUnit4TestSet.java:59)
	at org.apache.maven.surefire.suite.AbstractDirectoryTestSuite.executeTestSet(AbstractDirectoryTestSuite.java:115)
	at org.apache.maven.surefire.suite.AbstractDirectoryTestSuite.execute(AbstractDirectoryTestSuite.java:102)
	at org.apache.maven.surefire.Surefire.run(Surefire.java:180)
	at java.base/jdk.internal.reflect.NativeMethodAccessorImpl.invoke0(Native Method)
	at java.base/jdk.internal.reflect.NativeMethodAccessorImpl.invoke(NativeMethodAccessorImpl.java:62)
	at java.base/jdk.internal.reflect.DelegatingMethodAccessorImpl.invoke(DelegatingMethodAccessorImpl.java:43)
	at java.base/java.lang.reflect.Method.invoke(Method.java:564)
	at org.apache.maven.surefire.booter.SurefireBooter.runSuitesInProcess(SurefireBooter.java:350)
	at org.apache.maven.surefire.booter.SurefireBooter.main(SurefireBooter.java:1021)
Caused by: org.neo4j.ogm.exception.ConnectionException: Could not create driver instance
	at org.neo4j.ogm.drivers.bolt.driver.BoltDriver.initializeDriver(BoltDriver.java:126)
	at org.neo4j.ogm.drivers.bolt.driver.BoltDriver.checkDriverInitialized(BoltDriver.java:103)
	at org.neo4j.ogm.drivers.bolt.driver.BoltDriver.newTransaction(BoltDriver.java:91)
	at org.neo4j.ogm.session.transaction.DefaultTransactionManager.openTransaction(DefaultTransactionManager.java:68)
	at org.neo4j.ogm.session.Neo4jSession.beginTransaction(Neo4jSession.java:524)
	at org.springframework.data.neo4j.transaction.Neo4jTransactionManager.doBegin(Neo4jTransactionManager.java:179)
	... 30 more
Caused by: org.neo4j.driver.v1.exceptions.ServiceUnavailableException: Unable to connect to localhost:7687, ensure the database is running and that there is a working network connection to it.
	at org.neo4j.driver.internal.async.ChannelConnectedListener.databaseUnavailableError(ChannelConnectedListener.java:84)
	at org.neo4j.driver.internal.async.ChannelConnectedListener.operationComplete(ChannelConnectedListener.java:78)
	at org.neo4j.driver.internal.async.ChannelConnectedListener.operationComplete(ChannelConnectedListener.java:37)
	at org.neo4j.driver.internal.shaded.io.netty.util.concurrent.DefaultPromise.notifyListener0(DefaultPromise.java:507)
	at org.neo4j.driver.internal.shaded.io.netty.util.concurrent.DefaultPromise.notifyListeners0(DefaultPromise.java:500)
	at org.neo4j.driver.internal.shaded.io.netty.util.concurrent.DefaultPromise.notifyListenersNow(DefaultPromise.java:479)
	at org.neo4j.driver.internal.shaded.io.netty.util.concurrent.DefaultPromise.notifyListeners(DefaultPromise.java:420)
	at org.neo4j.driver.internal.shaded.io.netty.util.concurrent.DefaultPromise.tryFailure(DefaultPromise.java:122)
	at org.neo4j.driver.internal.shaded.io.netty.channel.nio.AbstractNioChannel$AbstractNioUnsafe.fulfillConnectPromise(AbstractNioChannel.java:327)
	at org.neo4j.driver.internal.shaded.io.netty.channel.nio.AbstractNioChannel$AbstractNioUnsafe.finishConnect(AbstractNioChannel.java:343)
	at org.neo4j.driver.internal.shaded.io.netty.channel.nio.NioEventLoop.processSelectedKey(NioEventLoop.java:633)
[...]
	at org.neo4j.driver.internal.shaded.io.netty.channel.nio.AbstractNioChannel$AbstractNioUnsafe.finishConnect(AbstractNioChannel.java:340) ~[neo4j-java-driver-1.5.0.jar:1.5.0-0f49eb425368377c0c3905e0769af9b70c88d65f]
	... 7 common frames omitted
Caused by: java.net.ConnectException: Connection refused
	... 11 common frames omitted

2018-11-06 12:57:10.073  INFO 12018 --- [           main] Driver                                   : Driver instance org.neo4j.driver.internal.InternalDriver@7b3c0ecb created
2018-11-06 12:57:10.080  INFO 12018 --- [           main] ConnectionPool                           : Closing connection pool towards localhost:7687
</system-out>
  </testcase>
  <testcase classname="com.stackroute.fullstackbackend.repository.UserRepoTest" name="deleteUser" time="4.453">
    <error message="Could not open Neo4j Session for transaction; nested exception is org.neo4j.ogm.exception.ConnectionException: Could not create driver instance" type="org.springframework.transaction.CannotCreateTransactionException">org.springframework.transaction.CannotCreateTransactionException: Could not open Neo4j Session for transaction; nested exception is org.neo4j.ogm.exception.ConnectionException: Could not create driver instance
	at org.springframework.data.neo4j.transaction.Neo4jTransactionManager.doBegin(Neo4jTransactionManager.java:201)
	at org.springframework.transaction.support.AbstractPlatformTransactionManager.getTransaction(AbstractPlatformTransactionManager.java:378)
	at org.springframework.transaction.interceptor.TransactionAspectSupport.createTransactionIfNecessary(TransactionAspectSupport.java:474)
	at org.springframework.transaction.interceptor.TransactionAspectSupport.invokeWithinTransaction(TransactionAspectSupport.java:289)
	at org.springframework.transaction.interceptor.TransactionInterceptor.invoke(TransactionInterceptor.java:98)
	at org.springframework.aop.framework.ReflectiveMethodInvocation.proceed(ReflectiveMethodInvocation.java:186)
	at org.springframework.dao.support.PersistenceExceptionTranslationInterceptor.invoke(PersistenceExceptionTranslationInterceptor.java:139)
	at org.springframework.aop.framework.ReflectiveMethodInvocation.proceed(ReflectiveMethodInvocation.java:186)
	at org.springframework.aop.interceptor.ExposeInvocationInterceptor.invoke(ExposeInvocationInterceptor.java:93)
	at org.springframework.aop.framework.ReflectiveMethodInvocation.proceed(ReflectiveMethodInvocation.java:186)
	at org.springframework.data.repository.core.support.SurroundingTransactionDetectorMethodInterceptor.invoke(SurroundingTransactionDetectorMethodInterceptor.java:61)
	at org.springframework.aop.framework.ReflectiveMethodInvocation.proceed(ReflectiveMethodInvocation.java:186)
	at org.springframework.aop.framework.JdkDynamicAopProxy.invoke(JdkDynamicAopProxy.java:212)
	at com.sun.proxy.$Proxy131.deleteAll(Unknown Source)
	at com.stackroute.fullstackbackend.repository.UserRepoTest.tearDown(UserRepoTest.java:36)
	at java.base/jdk.internal.reflect.NativeMethodAccessorImpl.invoke0(Native Method)
	at java.base/jdk.internal.reflect.NativeMethodAccessorImpl.invoke(NativeMethodAccessorImpl.java:62)
	at java.base/jdk.internal.reflect.DelegatingMethodAccessorImpl.invoke(DelegatingMethodAccessorImpl.java:43)
	at java.base/java.lang.reflect.Method.invoke(Method.java:564)
	at org.junit.runners.model.FrameworkMethod$1.runReflectiveCall(FrameworkMethod.java:50)
	at org.junit.internal.runners.model.ReflectiveCallable.run(ReflectiveCallable.java:12)
	at org.junit.runners.model.FrameworkMethod.invokeExplosively(FrameworkMethod.java:47)
	at org.junit.internal.runners.statements.RunAfters.evaluate(RunAfters.java:33)
	at org.springframework.test.context.junit4.statements.RunAfterTestMethodCallbacks.evaluate(RunAfterTestMethodCallbacks.java:86)
	at org.springframework.test.context.junit4.statements.SpringRepeat.evaluate(SpringRepeat.java:84)
	at org.junit.runners.ParentRunner.runLeaf(ParentRunner.java:325)
	at org.springframework.test.context.junit4.SpringJUnit4ClassRunner.runChild(SpringJUnit4ClassRunner.java:251)
	at org.springframework.test.context.junit4.SpringJUnit4ClassRunner.runChild(SpringJUnit4ClassRunner.java:97)
	at org.junit.runners.ParentRunner$3.run(ParentRunner.java:290)
	at org.junit.runners.ParentRunner$1.schedule(ParentRunner.java:71)
	at org.junit.runners.ParentRunner.runChildren(ParentRunner.java:288)
	at org.junit.runners.ParentRunner.access$000(ParentRunner.java:58)
	at org.junit.runners.ParentRunner$2.evaluate(ParentRunner.java:268)
	at org.springframework.test.context.junit4.statements.RunBeforeTestClassCallbacks.evaluate(RunBeforeTestClassCallbacks.java:61)
	at org.springframework.test.context.junit4.statements.RunAfterTestClassCallbacks.evaluate(RunAfterTestClassCallbacks.java:70)
	at org.junit.runners.ParentRunner.run(ParentRunner.java:363)
	at org.springframework.test.context.junit4.SpringJUnit4ClassRunner.run(SpringJUnit4ClassRunner.java:190)
	at org.apache.maven.surefire.junit4.JUnit4TestSet.execute(JUnit4TestSet.java:59)
	at org.apache.maven.surefire.suite.AbstractDirectoryTestSuite.executeTestSet(AbstractDirectoryTestSuite.java:115)
	at org.apache.maven.surefire.suite.AbstractDirectoryTestSuite.execute(AbstractDirectoryTestSuite.java:102)
	at org.apache.maven.surefire.Surefire.run(Surefire.java:180)
	at java.base/jdk.internal.reflect.NativeMethodAccessorImpl.invoke0(Native Method)
	at java.base/jdk.internal.reflect.NativeMethodAccessorImpl.invoke(NativeMethodAccessorImpl.java:62)
	at java.base/jdk.internal.reflect.DelegatingMethodAccessorImpl.invoke(DelegatingMethodAccessorImpl.java:43)
	at java.base/java.lang.reflect.Method.invoke(Method.java:564)
	at org.apache.maven.surefire.booter.SurefireBooter.runSuitesInProcess(SurefireBooter.java:350)
	at org.apache.maven.surefire.booter.SurefireBooter.main(SurefireBooter.java:1021)
Caused by: org.neo4j.ogm.exception.ConnectionException: Could not create driver instance
	at org.neo4j.ogm.drivers.bolt.driver.BoltDriver.initializeDriver(BoltDriver.java:126)
	at org.neo4j.ogm.drivers.bolt.driver.BoltDriver.checkDriverInitialized(BoltDriver.java:103)
	at org.neo4j.ogm.drivers.bolt.driver.BoltDriver.newTransaction(BoltDriver.java:91)
	at org.neo4j.ogm.session.transaction.DefaultTransactionManager.openTransaction(DefaultTransactionManager.java:68)
	at org.neo4j.ogm.session.Neo4jSession.beginTransaction(Neo4jSession.java:524)
	at org.springframework.data.neo4j.transaction.Neo4jTransactionManager.doBegin(Neo4jTransactionManager.java:179)
	... 46 more
Caused by: org.neo4j.driver.v1.exceptions.ServiceUnavailableException: Unable to connect to localhost:7687, ensure the database is running and that there is a working network connection to it.
	at org.neo4j.driver.internal.async.ChannelConnectedListener.databaseUnavailableError(ChannelConnectedListener.java:84)
	at org.neo4j.driver.internal.async.ChannelConnectedListener.operationComplete(ChannelConnectedListener.java:78)
	at org.neo4j.driver.internal.async.ChannelConnectedListener.operationComplete(ChannelConnectedListener.java:37)
	at org.neo4j.driver.internal.shaded.io.netty.util.concurrent.DefaultPromise.notifyListener0(DefaultPromise.java:507)
	at org.neo4j.driver.internal.shaded.io.netty.util.concurrent.DefaultPromise.notifyListeners0(DefaultPromise.java:500)
	at org.neo4j.driver.internal.shaded.io.netty.util.concurrent.DefaultPromise.notifyListenersNow(DefaultPromise.java:479)
	at org.neo4j.driver.internal.shaded.io.netty.util.concurrent.DefaultPromise.notifyListeners(DefaultPromise.java:420)
	at org.neo4j.driver.internal.shaded.io.netty.util.concurrent.DefaultPromise.tryFailure(DefaultPromise.java:122)
	at org.neo4j.driver.internal.shaded.io.netty.channel.nio.AbstractNioChannel$AbstractNioUnsafe.fulfillConnectPromise(AbstractNioChannel.java:327)
	at org.neo4j.driver.internal.shaded.io.netty.channel.nio.AbstractNioChannel$AbstractNioUnsafe.finishConnect(AbstractNioChannel.java:343)
	at org.neo4j.driver.internal.shaded.io.netty.channel.nio.NioEventLoop.processSelectedKey(NioEventLoop.java:633)
	at org.neo4j.driver.internal.shaded.io.netty.channel.nio.NioEventLoop.processSelectedKeysOptimized(NioEventLoop.java:580)
	at org.neo4j.driver.internal.shaded.io.netty.channel.nio.NioEventLoop.processSelectedKeys(NioEventLoop.java:497)
	at org.neo4j.driver.internal.shaded.io.netty.channel.nio.NioEventLoop.run(NioEventLoop.java:459)
	at org.neo4j.driver.internal.shaded.io.netty.util.concurrent.SingleThreadEventExecutor$5.run(SingleThreadEventExecutor.java:858)
	at org.neo4j.driver.internal.shaded.io.netty.util.concurrent.DefaultThreadFactory$DefaultRunnableDecorator.run(DefaultThreadFactory.java:138)
	at java.base/java.lang.Thread.run(Thread.java:844)
Caused by: org.neo4j.driver.internal.shaded.io.netty.channel.AbstractChannel$AnnotatedConnectException: Connection refused: localhost/127.0.0.1:7687
	at java.base/sun.nio.ch.SocketChannelImpl.checkConnect(Native Method)
	at java.base/sun.nio.ch.SocketChannelImpl.finishConnect(SocketChannelImpl.java:717)
	at org.neo4j.driver.internal.shaded.io.netty.channel.socket.nio.NioSocketChannel.doFinishConnect(NioSocketChannel.java:323)
	at org.neo4j.driver.internal.shaded.io.netty.channel.nio.AbstractNioChannel$AbstractNioUnsafe.finishConnect(AbstractNioChannel.java:340)
	... 7 more
Caused by: java.net.ConnectException: Connection refused
	... 11 more
</error>
    <system-out>2018-11-06 12:57:07.846  INFO 12018 --- [           main] Driver                                   : Driver instance org.neo4j.driver.internal.InternalDriver@2efcc0b3 created
2018-11-06 12:57:07.854  INFO 12018 --- [           main] ConnectionPool                           : Closing connection pool towards localhost:7687
2018-11-06 12:57:10.068  WARN 12018 --- [           main] o.s.test.context.TestContextManager      : Caught exception while invoking &apos;beforeTestMethod&apos; callback on TestExecutionListener [org.springframework.test.context.transaction.TransactionalTestExecutionListener@1ec88aa1] for test method [public void com.stackroute.fullstackbackend.repository.UserRepoTest.deleteUser()] and test instance [com.stackroute.fullstackbackend.repository.UserRepoTest@4a453f8d]

org.springframework.transaction.CannotCreateTransactionException: Could not open Neo4j Session for transaction; nested exception is org.neo4j.ogm.exception.ConnectionException: Could not create driver instance
	at org.springframework.data.neo4j.transaction.Neo4jTransactionManager.doBegin(Neo4jTransactionManager.java:201) ~[spring-data-neo4j-5.1.2.RELEASE.jar:5.1.2.RELEASE]
	at org.springframework.transaction.support.AbstractPlatformTransactionManager.getTransaction(AbstractPlatformTransactionManager.java:378) ~[spring-tx-5.1.2.RELEASE.jar:5.1.2.RELEASE]
	at org.springframework.test.context.transaction.TransactionContext.startTransaction(TransactionContext.java:103) ~[spring-test-5.1.2.RELEASE.jar:5.1.2.RELEASE]
	at org.springframework.test.context.transaction.TransactionalTestExecutionListener.beforeTestMethod(TransactionalTestExecutionListener.java:192) ~[spring-test-5.1.2.RELEASE.jar:5.1.2.RELEASE]
	at org.springframework.test.context.TestContextManager.beforeTestMethod(TestContextManager.java:291) ~[spring-test-5.1.2.RELEASE.jar:5.1.2.RELEASE]
	at org.springframework.test.context.junit4.statements.RunBeforeTestMethodCallbacks.evaluate(RunBeforeTestMethodCallbacks.java:74) [spring-test-5.1.2.RELEASE.jar:5.1.2.RELEASE]
	at org.junit.internal.runners.statements.RunAfters.evaluate(RunAfters.java:27) [junit-4.12.jar:4.12]
	at org.springframework.test.context.junit4.statements.RunAfterTestMethodCallbacks.evaluate(RunAfterTestMethodCallbacks.java:86) [spring-test-5.1.2.RELEASE.jar:5.1.2.RELEASE]
	at org.springframework.test.context.junit4.statements.SpringRepeat.evaluate(SpringRepeat.java:84) [spring-test-5.1.2.RELEASE.jar:5.1.2.RELEASE]
	at org.junit.runners.ParentRunner.runLeaf(ParentRunner.java:325) [junit-4.12.jar:4.12]
	at org.springframework.test.context.junit4.SpringJUnit4ClassRunner.runChild(SpringJUnit4ClassRunner.java:251) [spring-test-5.1.2.RELEASE.jar:5.1.2.RELEASE]
	at org.springframework.test.context.junit4.SpringJUnit4ClassRunner.runChild(SpringJUnit4ClassRunner.java:97) [spring-test-5.1.2.RELEASE.jar:5.1.2.RELEASE]
	at org.junit.runners.ParentRunner$3.run(ParentRunner.java:290) [junit-4.12.jar:4.12]
	at org.junit.runners.ParentRunner$1.schedule(ParentRunner.java:71) [junit-4.12.jar:4.12]
	at org.junit.runners.ParentRunner.runChildren(ParentRunner.java:288) [junit-4.12.jar:4.12]
	at org.junit.runners.ParentRunner.access$000(ParentRunner.java:58) [junit-4.12.jar:4.12]
	at org.junit.runners.ParentRunner$2.evaluate(ParentRunner.java:268) [junit-4.12.jar:4.12]
	at org.springframework.test.context.junit4.statements.RunBeforeTestClassCallbacks.evaluate(RunBeforeTestClassCallbacks.java:61) [spring-test-5.1.2.RELEASE.jar:5.1.2.RELEASE]
	at org.springframework.test.context.junit4.statements.RunAfterTestClassCallbacks.evaluate(RunAfterTestClassCallbacks.java:70) [spring-test-5.1.2.RELEASE.jar:5.1.2.RELEASE]
	at org.junit.runners.ParentRunner.run(ParentRunner.java:363) [junit-4.12.jar:4.12]
	at org.springframework.test.context.junit4.SpringJUnit4ClassRunner.run(SpringJUnit4ClassRunner.java:190) [spring-test-5.1.2.RELEASE.jar:5.1.2.RELEASE]
	at org.apache.maven.surefire.junit4.JUnit4TestSet.execute(JUnit4TestSet.java:59) [surefire-junit4-2.5.jar:2.5]
	at org.apache.maven.surefire.suite.AbstractDirectoryTestSuite.executeTestSet(AbstractDirectoryTestSuite.java:115) [surefire-api-2.5.jar:2.5]
	at org.apache.maven.surefire.suite.AbstractDirectoryTestSuite.execute(AbstractDirectoryTestSuite.java:102) [surefire-api-2.5.jar:2.5]
	at org.apache.maven.surefire.Surefire.run(Surefire.java:180) [surefire-api-2.5.jar:2.5]
	at java.base/jdk.internal.reflect.NativeMethodAccessorImpl.invoke0(Native Method) ~[na:na]
	at java.base/jdk.internal.reflect.NativeMethodAccessorImpl.invoke(NativeMethodAccessorImpl.java:62) ~[na:na]
	at java.base/jdk.internal.reflect.DelegatingMethodAccessorImpl.invoke(DelegatingMethodAccessorImpl.java:43) ~[na:na]
	at java.base/java.lang.reflect.Method.invoke(Method.java:564) ~[na:na]
	at org.apache.maven.surefire.booter.SurefireBooter.runSuitesInProcess(SurefireBooter.java:350) [surefire-booter-2.5.jar:2.5]
	at org.apache.maven.surefire.booter.SurefireBooter.main(SurefireBooter.java:1021) [surefire-booter-2.5.jar:2.5]
Caused by: org.neo4j.ogm.exception.ConnectionException: Could not create driver instance
	at org.neo4j.ogm.drivers.bolt.driver.BoltDriver.initializeDriver(BoltDriver.java:126) ~[neo4j-ogm-bolt-driver-3.1.1.jar:3.1.1]
	at org.neo4j.ogm.drivers.bolt.driver.BoltDriver.checkDriverInitialized(BoltDriver.java:103) ~[neo4j-ogm-bolt-driver-3.1.1.jar:3.1.1]
	at org.neo4j.ogm.drivers.bolt.driver.BoltDriver.newTransaction(BoltDriver.java:91) ~[neo4j-ogm-bolt-driver-3.1.1.jar:3.1.1]
	at org.neo4j.ogm.session.transaction.DefaultTransactionManager.openTransaction(DefaultTransactionManager.java:68) ~[neo4j-ogm-core-3.1.4.jar:3.1.4]
	at org.neo4j.ogm.session.Neo4jSession.beginTransaction(Neo4jSession.java:524) ~[neo4j-ogm-core-3.1.4.jar:3.1.4]
	at org.springframework.data.neo4j.transaction.Neo4jTransactionManager.doBegin(Neo4jTransactionManager.java:179) ~[spring-data-neo4j-5.1.2.RELEASE.jar:5.1.2.RELEASE]
	... 30 common frames omitted
Caused by: org.neo4j.driver.v1.exceptions.ServiceUnavailableException: Unable to connect to localhost:7687, ensure the database is running and that there is a working network connection to it.
	at org.neo4j.driver.internal.async.ChannelConnectedListener.databaseUnavailableError(ChannelConnectedListener.java:84) ~[neo4j-java-driver-1.5.0.jar:1.5.0-0f49eb425368377c0c3905e0769af9b70c88d65f]
	at org.neo4j.driver.internal.async.ChannelConnectedListener.operationComplete(ChannelConnectedListener.java:78) ~[neo4j-java-driver-1.5.0.jar:1.5.0-0f49eb425368377c0c3905e0769af9b70c88d65f]
	at org.neo4j.driver.internal.async.ChannelConnectedListener.operationComplete(ChannelConnectedListener.java:37) ~[neo4j-java-driver-1.5.0.jar:1.5.0-0f49eb425368377c0c3905e0769af9b70c88d65f]
	at org.neo4j.driver.internal.shaded.io.netty.util.concurrent.DefaultPromise.notifyListener0(DefaultPromise.java:507) ~[neo4j-java-driver-1.5.0.jar:1.5.0-0f49eb425368377c0c3905e0769af9b70c88d65f]
	at org.neo4j.driver.internal.shaded.io.netty.util.concurrent.DefaultPromise.notifyListeners0(DefaultPromise.java:500) ~[neo4j-java-driver-1.5.0.jar:1.5.0-0f49eb425368377c0c3905e0769af9b70c88d65f]
	at org.neo4j.driver.internal.shaded.io.netty.util.concurrent.DefaultPromise.notifyListenersNow(DefaultPromise.java:479) ~[neo4j-java-driver-1.5.0.jar:1.5.0-0f49eb425368377c0c3905e0769af9b70c88d65f]
	at org.neo4j.driver.internal.shaded.io.netty.util.concurrent.DefaultPromise.notifyListeners(DefaultPromise.java:420) ~[neo4j-java-driver-1.5.0.jar:1.5.0-0f49eb425368377c0c3905e0769af9b70c88d65f]
	at org.neo4j.driver.internal.shaded.io.netty.util.concurrent.DefaultPromise.tryFailure(DefaultPromise.java:122) ~[neo4j-java-driver-1.5.0.jar:1.5.0-0f49eb425368377c0c3905e0769af9b70c88d65f]
	at org.neo4j.driver.internal.shaded.io.netty.channel.nio.AbstractNioChannel$AbstractNioUnsafe.fulfillConnectPromise(AbstractNioChannel.java:327) ~[neo4j-java-driver-1.5.0.jar:1.5.0-0f49eb425368377c0c3905e0769af9b70c88d65f]
	at org.neo4j.driver.internal.shaded.io.netty.channel.nio.AbstractNioChannel$AbstractNioUnsafe.finishConnect(AbstractNioChannel.java:343) ~[neo4j-java-driver-1.5.0.jar:1.5.0-0f49eb425368377c0c3905e0769af9b70c88d65f]
	at org.neo4j.driver.internal.shaded.io.netty.channel.nio.NioEventLoop.processSelectedKey(NioEventLoop.java:633) ~[neo4j-java-driver-1.5.0.jar:1.5.0-0f49eb425368377c0c3905e0769af9b70c88d65f]
	at org.neo4j.driver.internal.shaded.io.netty.channel.nio.NioEventLoop.processSelectedKeysOptimized(NioEventLoop.java:580) ~[neo4j-java-driver-1.5.0.jar:1.5.0-0f49eb425368377c0c3905e0769af9b70c88d65f]
	at org.neo4j.driver.internal.shaded.io.netty.channel.nio.NioEventLoop.processSelectedKeys(NioEventLoop.java:497) ~[neo4j-java-driver-1.5.0.jar:1.5.0-0f49eb425368377c0c3905e0769af9b70c88d65f]
	at org.neo4j.driver.internal.shaded.io.netty.channel.nio.NioEventLoop.run(NioEventLoop.java:459) ~[neo4j-java-driver-1.5.0.jar:1.5.0-0f49eb425368377c0c3905e0769af9b70c88d65f]
	at org.neo4j.driver.internal.shaded.io.netty.util.concurrent.SingleThreadEventExecutor$5.run(SingleThreadEventExecutor.java:858) ~[neo4j-java-driver-1.5.0.jar:1.5.0-0f49eb425368377c0c3905e0769af9b70c88d65f]
	at org.neo4j.driver.internal.shaded.io.netty.util.concurrent.DefaultThreadFactory$DefaultRunnableDecorator.run(DefaultThreadFactory.java:138) ~[neo4j-java-driver-1.5.0.jar:1.5.0-0f49eb425368377c0c3905e0769af9b70c88d65f]
	at java.base/java.lang.Thread.run(Thread.java:844) ~[na:na]
Caused by: org.neo4j.driver.internal.shaded.io.netty.channel.AbstractChannel$AnnotatedConnectException: Connection refused: localhost/127.0.0.1:7687
	at java.base/sun.nio.ch.SocketChannelImpl.checkConnect(Native Method) ~[na:na]
	at java.base/sun.nio.ch.SocketChannelImpl.finishConnect(SocketChannelImpl.java:717) ~[na:na]
	at org.neo4j.driver.internal.shaded.io.netty.channel.socket.nio.NioSocketChannel.doFinishConnect(NioSocketChannel.java:323) ~[neo4j-java-driver-1.5.0.jar:1.5.0-0f49eb425368377c0c3905e0769af9b70c88d65f]
	at org.neo4j.driver.internal.shaded.io.netty.channel.nio.AbstractNioChannel$AbstractNioUnsafe.finishConnect(AbstractNioChannel.java:340) ~[neo4j-java-driver-1.5.0.jar:1.5.0-0f49eb425368377c0c3905e0769af9b70c88d65f]
	... 7 common frames omitted
Caused by: java.net.ConnectException: Connection refused
	... 11 common frames omitted

2018-11-06 12:57:10.073  INFO 12018 --- [           main] Driver                                   : Driver instance org.neo4j.driver.internal.InternalDriver@7b3c0ecb created
2018-11-06 12:57:10.080  INFO 12018 --- [           main] ConnectionPool                           : Closing connection pool towards localhost:7687
</system-out>
  </testcase>
</testsuite>